#
# A fatal error has been detected by the Java Runtime Environment:
#
#  EXCEPTION_ACCESS_VIOLATION (0xc0000005) at pc=0x73ce57ae, pid=5168, tid=452
#
# JRE version: Java(TM) SE Runtime Environment (7.0_67-b01) (build 1.7.0_67-b01)
# Java VM: Java HotSpot(TM) Client VM (24.65-b04 mixed mode, sharing windows-x86 )
# Problematic frame:
# C  [xboxcontroller.dll+0x57ae]
#
# Failed to write core dump. Minidumps are not enabled by default on client versions of Windows
#
# If you would like to submit a bug report, please visit:
#   http://bugreport.sun.com/bugreport/crash.jsp
# The crash happened outside the Java Virtual Machine in native code.
# See problematic frame for where to report the bug.
#

---------------  T H R E A D  ---------------

Current thread (0x02258000):  JavaThread "AWT-EventQueue-0" [_thread_in_native, id=452, stack(0x04e20000,0x04e70000)]

siginfo: ExceptionCode=0xc0000005, reading address 0x00000348

Registers:
EAX=0x023ab930, EBX=0x00000009, ECX=0x00000000, EDX=0x021d2b0c
ESP=0x04e6ee18, EBP=0x04e6ee3c, ESI=0x0469d2f8, EDI=0x046d55b0
EIP=0x73ce57ae, EFLAGS=0x00010246

Top of Stack: (sp=0x04e6ee18)
0x04e6ee18:   023ab930 021d2b0c 00000000 00000009
0x04e6ee28:   0469d2f8 00000000 34237e38 00000006
0x04e6ee38:   00000008 04e6ee4c 73ce3add 02258000
0x04e6ee48:   34237e38 04e6ee58 73ce12ed 00000009
0x04e6ee58:   04e6eea0 023bb145 02258130 04e6eebc
0x04e6ee68:   04699d68 00000000 00000009 04e6ee78
0x04e6ee78:   00000001 2431d318 04e6ee78 34237e38
0x04e6ee88:   04e6eebc 3423b448 00000000 34237e38 

Instructions: (pc=0x73ce57ae)
0x73ce578e:   3b d0 7f 41 3b d9 7c 02 8b d9 8b 47 04 8b 08 8b
0x73ce579e:   d6 8b 77 18 8d 14 56 52 8b 57 08 53 6a 00 52 50
0x73ce57ae:   8b 81 48 03 00 00 ff d0 01 5f 3c 8b 47 3c 3b 47
0x73ce57be:   30 75 07 c7 47 3c 00 00 00 00 29 5f 40 5e 8b c3 


Register to memory mapping:

EAX=0x023ab930 is an unknown value
EBX=0x00000009 is an unknown value
ECX=0x00000000 is an unknown value
EDX=0x021d2b0c is a global jni handle
ESP=0x04e6ee18 is pointing into the stack for thread: 0x02258000
EBP=0x04e6ee3c is pointing into the stack for thread: 0x02258000
ESI=0x0469d2f8 is an unknown value
EDI=0x046d55b0 is an unknown value


Stack: [0x04e20000,0x04e70000],  sp=0x04e6ee18,  free space=315k
Native frames: (J=compiled Java code, j=interpreted, Vv=VM code, C=native code)
C  [xboxcontroller.dll+0x57ae]
C  [xboxcontroller.dll+0x3add]
C  [xboxcontroller.dll+0x12ed]
j  ch.aplu.jaw.NativeHandler.nativeReadBuf(JI)I+0
j  ch.aplu.jaw.NativeHandler.readBuf(I)I+33
j  ch.aplu.xboxcontroller.XboxController.readData()Lch/aplu/xboxcontroller/ControllerState;+15
j  ch.aplu.xboxcontroller.XboxController.access$000(Lch/aplu/xboxcontroller/XboxController;)Lch/aplu/xboxcontroller/ControllerState;+1
j  ch.aplu.xboxcontroller.XboxController$1.actionPerformed(Ljava/awt/event/ActionEvent;)V+4
j  javax.swing.Timer.fireActionPerformed(Ljava/awt/event/ActionEvent;)V+35
j  javax.swing.Timer$DoPostEvent.run()V+74
j  java.awt.event.InvocationEvent.dispatch()V+47
j  java.awt.EventQueue.dispatchEventImpl(Ljava/awt/AWTEvent;Ljava/lang/Object;)V+21
j  java.awt.EventQueue.access$200(Ljava/awt/EventQueue;Ljava/awt/AWTEvent;Ljava/lang/Object;)V+3
j  java.awt.EventQueue$3.run()Ljava/lang/Void;+12
j  java.awt.EventQueue$3.run()Ljava/lang/Object;+1
v  ~StubRoutines::call_stub
V  [jvm.dll+0x1410fa]
V  [jvm.dll+0x20567e]
V  [jvm.dll+0x14117d]
V  [jvm.dll+0xfb73a]
C  [java.dll+0x102f]
j  java.security.ProtectionDomain$1.doIntersectionPrivilege(Ljava/security/PrivilegedAction;Ljava/security/AccessControlContext;Ljava/security/AccessControlContext;)Ljava/lang/Object;+28
j  java.awt.EventQueue.dispatchEvent(Ljava/awt/AWTEvent;)V+46
j  java.awt.EventDispatchThread.pumpOneEventForFilters(I)V+245
j  java.awt.EventDispatchThread.pumpEventsForFilter(ILjava/awt/Conditional;Ljava/awt/EventFilter;)V+35
j  java.awt.EventDispatchThread.pumpEventsForHierarchy(ILjava/awt/Conditional;Ljava/awt/Component;)V+11
j  java.awt.EventDispatchThread.pumpEvents(ILjava/awt/Conditional;)V+4
j  java.awt.EventDispatchThread.pumpEvents(Ljava/awt/Conditional;)V+3
j  java.awt.EventDispatchThread.run()V+9
v  ~StubRoutines::call_stub
V  [jvm.dll+0x1410fa]
V  [jvm.dll+0x20567e]
V  [jvm.dll+0x1412c5]
V  [jvm.dll+0x141327]
V  [jvm.dll+0xec6ef]
V  [jvm.dll+0x16252c]
V  [jvm.dll+0x162f87]
V  [jvm.dll+0x1a7489]
C  [msvcr100.dll+0x5c556]
C  [msvcr100.dll+0x5c600]
C  [KERNEL32.DLL+0x1793]
C  [ntdll.dll+0x5c206]
C  [ntdll.dll+0x5c1df]

Java frames: (J=compiled Java code, j=interpreted, Vv=VM code)
j  ch.aplu.jaw.NativeHandler.nativeReadBuf(JI)I+0
j  ch.aplu.jaw.NativeHandler.readBuf(I)I+33
j  ch.aplu.xboxcontroller.XboxController.readData()Lch/aplu/xboxcontroller/ControllerState;+15
j  ch.aplu.xboxcontroller.XboxController.access$000(Lch/aplu/xboxcontroller/XboxController;)Lch/aplu/xboxcontroller/ControllerState;+1
j  ch.aplu.xboxcontroller.XboxController$1.actionPerformed(Ljava/awt/event/ActionEvent;)V+4
j  javax.swing.Timer.fireActionPerformed(Ljava/awt/event/ActionEvent;)V+35
j  javax.swing.Timer$DoPostEvent.run()V+74
j  java.awt.event.InvocationEvent.dispatch()V+47
j  java.awt.EventQueue.dispatchEventImpl(Ljava/awt/AWTEvent;Ljava/lang/Object;)V+21
j  java.awt.EventQueue.access$200(Ljava/awt/EventQueue;Ljava/awt/AWTEvent;Ljava/lang/Object;)V+3
j  java.awt.EventQueue$3.run()Ljava/lang/Void;+12
j  java.awt.EventQueue$3.run()Ljava/lang/Object;+1
v  ~StubRoutines::call_stub
j  java.security.AccessController.doPrivileged(Ljava/security/PrivilegedAction;Ljava/security/AccessControlContext;)Ljava/lang/Object;+0
j  java.security.ProtectionDomain$1.doIntersectionPrivilege(Ljava/security/PrivilegedAction;Ljava/security/AccessControlContext;Ljava/security/AccessControlContext;)Ljava/lang/Object;+28
j  java.awt.EventQueue.dispatchEvent(Ljava/awt/AWTEvent;)V+46
j  java.awt.EventDispatchThread.pumpOneEventForFilters(I)V+245
j  java.awt.EventDispatchThread.pumpEventsForFilter(ILjava/awt/Conditional;Ljava/awt/EventFilter;)V+35
j  java.awt.EventDispatchThread.pumpEventsForHierarchy(ILjava/awt/Conditional;Ljava/awt/Component;)V+11
j  java.awt.EventDispatchThread.pumpEvents(ILjava/awt/Conditional;)V+4
j  java.awt.EventDispatchThread.pumpEvents(Ljava/awt/Conditional;)V+3
j  java.awt.EventDispatchThread.run()V+9
v  ~StubRoutines::call_stub

---------------  P R O C E S S  ---------------

Java Threads: ( => current thread )
=>0x02258000 JavaThread "AWT-EventQueue-0" [_thread_in_native, id=452, stack(0x04e20000,0x04e70000)]
  0x02255400 JavaThread "AWT-Windows" daemon [_thread_in_native, id=2532, stack(0x04dd0000,0x04e20000)]
  0x02257800 JavaThread "AWT-Shutdown" [_thread_blocked, id=888, stack(0x04d80000,0x04dd0000)]
  0x02254400 JavaThread "Java2D Disposer" daemon [_thread_blocked, id=1952, stack(0x04d30000,0x04d80000)]
  0x02256c00 JavaThread "DestroyJavaVM" [_thread_blocked, id=5128, stack(0x02080000,0x020d0000)]
  0x02257000 JavaThread "TimerQueue" daemon [_thread_blocked, id=2560, stack(0x04ce0000,0x04d30000)]
  0x02255800 JavaThread "Thread-0" [_thread_in_native, id=5468, stack(0x04a30000,0x04a80000)]
  0x0224a000 JavaThread "Service Thread" daemon [_thread_blocked, id=968, stack(0x045f0000,0x04640000)]
  0x02245c00 JavaThread "C1 CompilerThread0" daemon [_thread_blocked, id=3788, stack(0x045a0000,0x045f0000)]
  0x02242800 JavaThread "Attach Listener" daemon [_thread_blocked, id=600, stack(0x04550000,0x045a0000)]
  0x0223e000 JavaThread "Signal Dispatcher" daemon [_thread_blocked, id=3072, stack(0x04500000,0x04550000)]
  0x021d0400 JavaThread "Finalizer" daemon [_thread_blocked, id=4108, stack(0x044b0000,0x04500000)]
  0x021ce800 JavaThread "Reference Handler" daemon [_thread_blocked, id=3776, stack(0x04460000,0x044b0000)]

Other Threads:
  0x021cd400 VMThread [stack: 0x04410000,0x04460000] [id=4432]
  0x02254000 WatcherThread [stack: 0x04640000,0x04690000] [id=432]

VM state:not at safepoint (normal execution)

VM Mutex/Monitor currently owned by a thread: None

Heap
 def new generation   total 4928K, used 1905K [0x24200000, 0x24750000, 0x29750000)
  eden space 4416K,  43% used [0x24200000, 0x243dc5a0, 0x24650000)
  from space 512K,   0% used [0x24650000, 0x24650000, 0x246d0000)
  to   space 512K,   0% used [0x246d0000, 0x246d0000, 0x24750000)
 tenured generation   total 10944K, used 0K [0x29750000, 0x2a200000, 0x34200000)
   the space 10944K,   0% used [0x29750000, 0x29750000, 0x29750200, 0x2a200000)
 compacting perm gen  total 12288K, used 457K [0x34200000, 0x34e00000, 0x38200000)
   the space 12288K,   3% used [0x34200000, 0x342724d8, 0x34272600, 0x34e00000)
    ro space 10240K,  44% used [0x38200000, 0x3867a688, 0x3867a800, 0x38c00000)
    rw space 12288K,  52% used [0x38c00000, 0x39254170, 0x39254200, 0x39800000)

Card table byte_map: [0x022b0000,0x02360000] byte_map_base: 0x0218f000

Polling page: 0x01310000

Code Cache  [0x023b0000, 0x02458000, 0x043b0000)
 total_blobs=208 nmethods=39 adapters=107 free_code_cache=32100Kb largest_free_block=32870720

Compilation events (10 events):
Event: 1.146 Thread 0x02245c00   34 %s          control.Mover2::homeArt @ 33 (86 bytes)
Event: 1.148 Thread 0x02245c00 nmethod 34% 0x0244d1c8 code [0x0244d320, 0x0244d76c]
Event: 9.971 Thread 0x02245c00   35   !         java.io.BufferedReader::readLine (304 bytes)
Event: 9.976 Thread 0x02245c00 nmethod 35 0x0244e408 code [0x0244e5e0, 0x0244f564]
Event: 9.976 Thread 0x02245c00   36             sun.nio.cs.UTF_8$Decoder::decodeArrayLoop (543 bytes)
Event: 9.985 Thread 0x02245c00 nmethod 36 0x02450208 code [0x024506a0, 0x02451818]
Event: 9.986 Thread 0x02245c00   37             java.lang.Math::min (11 bytes)
Event: 9.986 Thread 0x02245c00 nmethod 37 0x02453c88 code [0x02453d80, 0x02453df0]
Event: 9.986 Thread 0x02245c00   38             java.lang.StringBuilder::append (8 bytes)
Event: 9.987 Thread 0x02245c00 nmethod 38 0x02453e48 code [0x02453f50, 0x0245403c]

GC Heap History (0 events):
No events

Deoptimization events (0 events):
No events

Internal exceptions (10 events):
Event: 9.951 Thread 0x023ab800 Threw 0x243524d8 at C:\re\jdk7u67\1368\hotspot\src\share\vm\prims\jvm.cpp:1244
Event: 9.952 Thread 0x023ab800 Threw 0x243547b0 at C:\re\jdk7u67\1368\hotspot\src\share\vm\prims\jvm.cpp:1244
Event: 9.952 Thread 0x023ab800 Threw 0x24356ae0 at C:\re\jdk7u67\1368\hotspot\src\share\vm\prims\jvm.cpp:1244
Event: 9.967 Thread 0x023ab800 Threw 0x2435db40 at C:\re\jdk7u67\1368\hotspot\src\share\vm\prims\jvm.cpp:1244
Event: 9.967 Thread 0x023ab800 Threw 0x2435ed18 at C:\re\jdk7u67\1368\hotspot\src\share\vm\prims\jvm.cpp:1244
Event: 9.982 Thread 0x023ab800 Threw 0x24370aa0 at C:\re\jdk7u67\1368\hotspot\src\share\vm\prims\jvm.cpp:1244
Event: 9.982 Thread 0x023ab800 Threw 0x24370cb0 at C:\re\jdk7u67\1368\hotspot\src\share\vm\prims\jvm.cpp:1244
Event: 9.986 Thread 0x023ab800 Threw 0x24375040 at C:\re\jdk7u67\1368\hotspot\src\share\vm\prims\jvm.cpp:1244
Event: 9.986 Thread 0x023ab800 Threw 0x24375250 at C:\re\jdk7u67\1368\hotspot\src\share\vm\prims\jvm.cpp:1244
Event: 9.991 Thread 0x023ab800 Threw 0x243771f0 at C:\re\jdk7u67\1368\hotspot\src\share\vm\prims\jni.cpp:717

Events (10 events):
Event: 10.088 loading class 0x398a8998
Event: 10.088 loading class 0x398a8998 done
Event: 10.089 loading class 0x398aeab0
Event: 10.089 loading class 0x398aeab0 done
Event: 10.089 Executing VM operation: RevokeBias
Event: 10.089 Executing VM operation: RevokeBias done
Event: 10.090 loading class 0x398a8700
Event: 10.090 loading class 0x398a8700 done
Event: 10.091 Executing VM operation: RevokeBias
Event: 10.091 Executing VM operation: RevokeBias done


Dynamic libraries:
0x00c90000 - 0x00cbf000 	C:\Program Files\Java\jdk1.7.0_67\bin\java.exe
0x77a70000 - 0x77bd4000 	C:\Windows\SYSTEM32\ntdll.dll
0x75bf0000 - 0x75ce8000 	C:\Windows\system32\KERNEL32.DLL
0x75550000 - 0x75621000 	C:\Windows\system32\KERNELBASE.dll
0x744b0000 - 0x7454a000 	C:\Windows\system32\apphelp.dll
0x62680000 - 0x628d2000 	C:\Windows\AppPatch\AcGenral.DLL
0x76580000 - 0x7663e000 	C:\Windows\system32\msvcrt.dll
0x77a20000 - 0x77a5e000 	C:\Windows\SYSTEM32\sechost.dll
0x75300000 - 0x75322000 	C:\Windows\SYSTEM32\SspiCli.dll
0x76640000 - 0x76681000 	C:\Windows\system32\SHLWAPI.dll
0x74560000 - 0x74642000 	C:\Windows\SYSTEM32\UxTheme.dll
0x75aa0000 - 0x75beb000 	C:\Windows\system32\USER32.dll
0x76470000 - 0x76579000 	C:\Windows\system32\GDI32.dll
0x70530000 - 0x70550000 	C:\Windows\SYSTEM32\WINMM.dll
0x6dcb0000 - 0x6dcc2000 	C:\Windows\SYSTEM32\samcli.dll
0x76100000 - 0x7620b000 	C:\Windows\system32\ole32.dll
0x763e0000 - 0x76467000 	C:\Windows\system32\OLEAUT32.dll
0x62120000 - 0x62135000 	C:\Windows\SYSTEM32\MSACM32.dll
0x71bd0000 - 0x71bd8000 	C:\Windows\SYSTEM32\VERSION.dll
0x766f0000 - 0x77893000 	C:\Windows\system32\SHELL32.dll
0x74de0000 - 0x74df9000 	C:\Windows\SYSTEM32\USERENV.dll
0x740c0000 - 0x740d9000 	C:\Windows\SYSTEM32\dwmapi.dll
0x6ebe0000 - 0x6ed01000 	C:\Windows\SYSTEM32\urlmon.dll
0x76210000 - 0x76287000 	C:\Windows\system32\ADVAPI32.dll
0x71b70000 - 0x71bce000 	C:\Windows\SYSTEM32\WINSPOOL.DRV
0x69e60000 - 0x69e74000 	C:\Windows\SYSTEM32\MPR.dll
0x76290000 - 0x76354000 	C:\Windows\system32\RPCRT4.dll
0x75950000 - 0x75a9e000 	C:\Windows\SYSTEM32\combase.dll
0x70500000 - 0x70520000 	C:\Windows\SYSTEM32\WINMMBASE.dll
0x754d0000 - 0x754de000 	C:\Windows\SYSTEM32\profapi.dll
0x6e9c0000 - 0x6ebd5000 	C:\Windows\SYSTEM32\iertutil.dll
0x6e740000 - 0x6e904000 	C:\Windows\SYSTEM32\WININET.dll
0x75880000 - 0x758ba000 	C:\Windows\SYSTEM32\cfgmgr32.dll
0x74690000 - 0x746af000 	C:\Windows\SYSTEM32\DEVOBJ.dll
0x76360000 - 0x763d7000 	C:\Windows\system32\SHCORE.DLL
0x760d0000 - 0x760f5000 	C:\Windows\system32\IMM32.DLL
0x75fd0000 - 0x760c7000 	C:\Windows\system32\MSCTF.dll
0x73ed0000 - 0x740b5000 	C:\Windows\WinSxS\x86_microsoft.windows.common-controls_6595b64144ccf1df_6.0.9600.16384_none_a9f4965301334e09\COMCTL32.dll
0x645c0000 - 0x6467f000 	C:\Program Files\Java\jdk1.7.0_67\jre\bin\msvcr100.dll
0x56a50000 - 0x56dd8000 	C:\Program Files\Java\jdk1.7.0_67\jre\bin\client\jvm.dll
0x68fa0000 - 0x68fa8000 	C:\Windows\SYSTEM32\WSOCK32.dll
0x77a60000 - 0x77a66000 	C:\Windows\system32\PSAPI.DLL
0x75f80000 - 0x75fcd000 	C:\Windows\system32\WS2_32.dll
0x75d70000 - 0x75d77000 	C:\Windows\system32\NSI.dll
0x6cf30000 - 0x6cf3c000 	C:\Program Files\Java\jdk1.7.0_67\jre\bin\verify.dll
0x6cde0000 - 0x6ce00000 	C:\Program Files\Java\jdk1.7.0_67\jre\bin\java.dll
0x6c900000 - 0x6c913000 	C:\Program Files\Java\jdk1.7.0_67\jre\bin\zip.dll
0x10000000 - 0x1000c000 	C:\Windows\System32\javaFish50.dll
0x02190000 - 0x02196000 	C:\Windows\SYSTEM32\umFish50.dll
0x02360000 - 0x0237a000 	C:\Windows\SYSTEM32\ftMscLib.dll
0x73ce0000 - 0x73cee000 	C:\Windows\System32\xboxcontroller.dll
0x73cd0000 - 0x73cd6000 	C:\Windows\SYSTEM32\XINPUT9_1_0.dll
0x6b3f0000 - 0x6b459000 	C:\Windows\SYSTEM32\MSVCP100.dll
0x73cc0000 - 0x73ccb000 	C:\Windows\SYSTEM32\XInput1_4.dll
0x635a0000 - 0x636e3000 	C:\Program Files\Java\jdk1.7.0_67\jre\bin\awt.dll
0x744a0000 - 0x744a9000 	C:\Windows\SYSTEM32\kernel.appcore.dll
0x75390000 - 0x75399000 	C:\Windows\SYSTEM32\CRYPTBASE.dll
0x75330000 - 0x75381000 	C:\Windows\SYSTEM32\bcryptPrimitives.dll
0x62490000 - 0x625d8000 	C:\Windows\SYSTEM32\dbghelp.dll

VM Arguments:
jvm_args: -Dfile.encoding=UTF-8 
java_command: robotica.Principal
Launcher Type: SUN_STANDARD

Environment Variables:
PATH=C:\Program Files\NVIDIA Corporation\PhysX\Common;C:\ProgramData\Oracle\Java\javapath;C:\Python27\;C:\Windows\system32;C:\Windows;C:\Windows\System32\Wbem;C:\Windows\System32\WindowsPowerShell\v1.0\
USERNAME=MarioAlberto
OS=Windows_NT
PROCESSOR_IDENTIFIER=x86 Family 6 Model 42 Stepping 7, GenuineIntel



---------------  S Y S T E M  ---------------

OS: Windows 8.1 Build 9600 

CPU:total 4 (2 cores per cpu, 2 threads per core) family 6 model 42 stepping 7, cmov, cx8, fxsr, mmx, sse, sse2, sse3, ssse3, sse4.1, sse4.2, popcnt, avx, aes, ht, tsc, tscinvbit

Memory: 4k page, physical 3135340k(1738720k free), swap 3856236k(2280680k free)

vm_info: Java HotSpot(TM) Client VM (24.65-b04) for windows-x86 JRE (1.7.0_67-b01), built on Jul 25 2014 10:20:53 by "java_re" with unknown MS VC++:1600

time: Mon Dec 22 14:49:18 2014
elapsed time: 11 seconds

