#
# A fatal error has been detected by the Java Runtime Environment:
#
#  EXCEPTION_ACCESS_VIOLATION (0xc0000005) at pc=0x710c57ae, pid=8088, tid=7464
#
# JRE version: Java(TM) SE Runtime Environment (7.0_67-b01) (build 1.7.0_67-b01)
# Java VM: Java HotSpot(TM) Client VM (24.65-b04 mixed mode, sharing windows-x86 )
# Problematic frame:
# C  [xboxcontroller.dll+0x57ae]
#
# Failed to write core dump. Minidumps are not enabled by default on client versions of Windows
#
# If you would like to submit a bug report, please visit:
#   http://bugreport.sun.com/bugreport/crash.jsp
# The crash happened outside the Java Virtual Machine in native code.
# See problematic frame for where to report the bug.
#

---------------  T H R E A D  ---------------

Current thread (0x045ac800):  JavaThread "AWT-EventQueue-0" [_thread_in_native, id=7464, stack(0x05010000,0x05060000)]

siginfo: ExceptionCode=0xc0000005, reading address 0x00000348

Registers:
EAX=0x0240b930, EBX=0x00000009, ECX=0x00000000, EDX=0x0209aa4c
ESP=0x0505ed28, EBP=0x0505ed4c, ESI=0x045ae008, EDI=0x04596dd0
EIP=0x710c57ae, EFLAGS=0x00010246

Top of Stack: (sp=0x0505ed28)
0x0505ed28:   0240b930 0209aa4c 00000000 00000009
0x0505ed38:   045ae008 00000000 342385f0 00000006
0x0505ed48:   00000008 0505ed5c 710c3add 045ac800
0x0505ed58:   342385f0 0505ed68 710c12ed 00000009
0x0505ed68:   0505edb0 0241b145 045ac930 0505edcc
0x0505ed78:   045a04d8 00000000 00000009 0505ed88
0x0505ed88:   00000001 243076e8 0505ed88 342385f0
0x0505ed98:   0505edcc 3423bc00 00000000 342385f0 

Instructions: (pc=0x710c57ae)
0x710c578e:   3b d0 7f 41 3b d9 7c 02 8b d9 8b 47 04 8b 08 8b
0x710c579e:   d6 8b 77 18 8d 14 56 52 8b 57 08 53 6a 00 52 50
0x710c57ae:   8b 81 48 03 00 00 ff d0 01 5f 3c 8b 47 3c 3b 47
0x710c57be:   30 75 07 c7 47 3c 00 00 00 00 29 5f 40 5e 8b c3 


Register to memory mapping:

EAX=0x0240b930 is an unknown value
EBX=0x00000009 is an unknown value
ECX=0x00000000 is an unknown value
EDX=0x0209aa4c is a global jni handle
ESP=0x0505ed28 is pointing into the stack for thread: 0x045ac800
EBP=0x0505ed4c is pointing into the stack for thread: 0x045ac800
ESI=0x045ae008 is an unknown value
EDI=0x04596dd0 is an unknown value


Stack: [0x05010000,0x05060000],  sp=0x0505ed28,  free space=315k
Native frames: (J=compiled Java code, j=interpreted, Vv=VM code, C=native code)
C  [xboxcontroller.dll+0x57ae]
C  [xboxcontroller.dll+0x3add]
C  [xboxcontroller.dll+0x12ed]
j  ch.aplu.jaw.NativeHandler.nativeReadBuf(JI)I+0
j  ch.aplu.jaw.NativeHandler.readBuf(I)I+33
j  ch.aplu.xboxcontroller.XboxController.readData()Lch/aplu/xboxcontroller/ControllerState;+15
j  ch.aplu.xboxcontroller.XboxController.access$000(Lch/aplu/xboxcontroller/XboxController;)Lch/aplu/xboxcontroller/ControllerState;+1
j  ch.aplu.xboxcontroller.XboxController$1.actionPerformed(Ljava/awt/event/ActionEvent;)V+4
j  javax.swing.Timer.fireActionPerformed(Ljava/awt/event/ActionEvent;)V+35
j  javax.swing.Timer$DoPostEvent.run()V+74
j  java.awt.event.InvocationEvent.dispatch()V+47
j  java.awt.EventQueue.dispatchEventImpl(Ljava/awt/AWTEvent;Ljava/lang/Object;)V+21
j  java.awt.EventQueue.access$200(Ljava/awt/EventQueue;Ljava/awt/AWTEvent;Ljava/lang/Object;)V+3
j  java.awt.EventQueue$3.run()Ljava/lang/Void;+12
j  java.awt.EventQueue$3.run()Ljava/lang/Object;+1
v  ~StubRoutines::call_stub
V  [jvm.dll+0x1410fa]
V  [jvm.dll+0x20567e]
V  [jvm.dll+0x14117d]
V  [jvm.dll+0xfb73a]
C  [java.dll+0x102f]
j  java.security.ProtectionDomain$1.doIntersectionPrivilege(Ljava/security/PrivilegedAction;Ljava/security/AccessControlContext;Ljava/security/AccessControlContext;)Ljava/lang/Object;+28
j  java.awt.EventQueue.dispatchEvent(Ljava/awt/AWTEvent;)V+46
j  java.awt.EventDispatchThread.pumpOneEventForFilters(I)V+245
j  java.awt.EventDispatchThread.pumpEventsForFilter(ILjava/awt/Conditional;Ljava/awt/EventFilter;)V+35
j  java.awt.EventDispatchThread.pumpEventsForHierarchy(ILjava/awt/Conditional;Ljava/awt/Component;)V+11
j  java.awt.EventDispatchThread.pumpEvents(ILjava/awt/Conditional;)V+4
j  java.awt.EventDispatchThread.pumpEvents(Ljava/awt/Conditional;)V+3
j  java.awt.EventDispatchThread.run()V+9
v  ~StubRoutines::call_stub
V  [jvm.dll+0x1410fa]
V  [jvm.dll+0x20567e]
V  [jvm.dll+0x1412c5]
V  [jvm.dll+0x141327]
V  [jvm.dll+0xec6ef]
V  [jvm.dll+0x16252c]
V  [jvm.dll+0x162f87]
V  [jvm.dll+0x1a7489]
C  [msvcr100.dll+0x5c556]
C  [msvcr100.dll+0x5c600]
C  [KERNEL32.DLL+0x1793]
C  [ntdll.dll+0x5c206]
C  [ntdll.dll+0x5c1df]

Java frames: (J=compiled Java code, j=interpreted, Vv=VM code)
j  ch.aplu.jaw.NativeHandler.nativeReadBuf(JI)I+0
j  ch.aplu.jaw.NativeHandler.readBuf(I)I+33
j  ch.aplu.xboxcontroller.XboxController.readData()Lch/aplu/xboxcontroller/ControllerState;+15
j  ch.aplu.xboxcontroller.XboxController.access$000(Lch/aplu/xboxcontroller/XboxController;)Lch/aplu/xboxcontroller/ControllerState;+1
j  ch.aplu.xboxcontroller.XboxController$1.actionPerformed(Ljava/awt/event/ActionEvent;)V+4
j  javax.swing.Timer.fireActionPerformed(Ljava/awt/event/ActionEvent;)V+35
j  javax.swing.Timer$DoPostEvent.run()V+74
j  java.awt.event.InvocationEvent.dispatch()V+47
j  java.awt.EventQueue.dispatchEventImpl(Ljava/awt/AWTEvent;Ljava/lang/Object;)V+21
j  java.awt.EventQueue.access$200(Ljava/awt/EventQueue;Ljava/awt/AWTEvent;Ljava/lang/Object;)V+3
j  java.awt.EventQueue$3.run()Ljava/lang/Void;+12
j  java.awt.EventQueue$3.run()Ljava/lang/Object;+1
v  ~StubRoutines::call_stub
j  java.security.AccessController.doPrivileged(Ljava/security/PrivilegedAction;Ljava/security/AccessControlContext;)Ljava/lang/Object;+0
j  java.security.ProtectionDomain$1.doIntersectionPrivilege(Ljava/security/PrivilegedAction;Ljava/security/AccessControlContext;Ljava/security/AccessControlContext;)Ljava/lang/Object;+28
j  java.awt.EventQueue.dispatchEvent(Ljava/awt/AWTEvent;)V+46
j  java.awt.EventDispatchThread.pumpOneEventForFilters(I)V+245
j  java.awt.EventDispatchThread.pumpEventsForFilter(ILjava/awt/Conditional;Ljava/awt/EventFilter;)V+35
j  java.awt.EventDispatchThread.pumpEventsForHierarchy(ILjava/awt/Conditional;Ljava/awt/Component;)V+11
j  java.awt.EventDispatchThread.pumpEvents(ILjava/awt/Conditional;)V+4
j  java.awt.EventDispatchThread.pumpEvents(Ljava/awt/Conditional;)V+3
j  java.awt.EventDispatchThread.run()V+9
v  ~StubRoutines::call_stub

---------------  P R O C E S S  ---------------

Java Threads: ( => current thread )
=>0x045ac800 JavaThread "AWT-EventQueue-0" [_thread_in_native, id=7464, stack(0x05010000,0x05060000)]
  0x045abc00 JavaThread "AWT-Windows" daemon [_thread_in_native, id=3340, stack(0x04fc0000,0x05010000)]
  0x045ad400 JavaThread "AWT-Shutdown" [_thread_blocked, id=5084, stack(0x04f70000,0x04fc0000)]
  0x045ac000 JavaThread "Java2D Disposer" daemon [_thread_blocked, id=8072, stack(0x04f20000,0x04f70000)]
  0x045ab400 JavaThread "DestroyJavaVM" [_thread_blocked, id=6888, stack(0x01330000,0x01380000)]
  0x045aac00 JavaThread "TimerQueue" daemon [_thread_blocked, id=196, stack(0x04ed0000,0x04f20000)]
  0x045acc00 JavaThread "Thread-0" [_thread_in_native, id=672, stack(0x04930000,0x04980000)]
  0x0210a000 JavaThread "Service Thread" daemon [_thread_blocked, id=5148, stack(0x044b0000,0x04500000)]
  0x02105c00 JavaThread "C1 CompilerThread0" daemon [_thread_blocked, id=8064, stack(0x04460000,0x044b0000)]
  0x02102800 JavaThread "Attach Listener" daemon [_thread_blocked, id=1216, stack(0x04410000,0x04460000)]
  0x02102000 JavaThread "Signal Dispatcher" daemon [_thread_blocked, id=7068, stack(0x02390000,0x023e0000)]
  0x02090400 JavaThread "Finalizer" daemon [_thread_blocked, id=8044, stack(0x02340000,0x02390000)]
  0x0208e800 JavaThread "Reference Handler" daemon [_thread_blocked, id=5664, stack(0x022f0000,0x02340000)]

Other Threads:
  0x0208d400 VMThread [stack: 0x022a0000,0x022f0000] [id=7124]
  0x02114000 WatcherThread [stack: 0x04500000,0x04550000] [id=3808]

VM state:not at safepoint (normal execution)

VM Mutex/Monitor currently owned by a thread: None

Heap
 def new generation   total 4928K, used 1816K [0x24200000, 0x24750000, 0x29750000)
  eden space 4416K,  41% used [0x24200000, 0x243c6280, 0x24650000)
  from space 512K,   0% used [0x24650000, 0x24650000, 0x246d0000)
  to   space 512K,   0% used [0x246d0000, 0x246d0000, 0x24750000)
 tenured generation   total 10944K, used 0K [0x29750000, 0x2a200000, 0x34200000)
   the space 10944K,   0% used [0x29750000, 0x29750000, 0x29750200, 0x2a200000)
 compacting perm gen  total 12288K, used 462K [0x34200000, 0x34e00000, 0x38200000)
   the space 12288K,   3% used [0x34200000, 0x34273be8, 0x34273c00, 0x34e00000)
    ro space 10240K,  44% used [0x38200000, 0x3867a688, 0x3867a800, 0x38c00000)
    rw space 12288K,  52% used [0x38c00000, 0x39254170, 0x39254200, 0x39800000)

Card table byte_map: [0x02170000,0x02220000] byte_map_base: 0x0204f000

Polling page: 0x01000000

Code Cache  [0x02410000, 0x024b8000, 0x04410000)
 total_blobs=203 nmethods=34 adapters=107 free_code_cache=32106Kb largest_free_block=32876672

Compilation events (10 events):
Event: 1.314 Thread 0x02105c00   28             sun.nio.cs.UTF_8$Decoder::decodeArrayLoop (543 bytes)
Event: 1.322 Thread 0x02105c00 nmethod 28 0x024ae488 code [0x024ae920, 0x024afa98]
Event: 1.324 Thread 0x02105c00   29             java.lang.Math::min (11 bytes)
Event: 1.324 Thread 0x02105c00 nmethod 29 0x024b1f08 code [0x024b2000, 0x024b2070]
Event: 1.326 Thread 0x02105c00   30             java.lang.StringBuilder::append (8 bytes)
Event: 1.326 Thread 0x02105c00 nmethod 30 0x024b20c8 code [0x024b21d0, 0x024b22bc]
Event: 3.591 Thread 0x02105c00   33             java.util.concurrent.locks.AbstractOwnableSynchronizer::setExclusiveOwnerThread (6 bytes)
Event: 3.591 Thread 0x02105c00 nmethod 33 0x024b5148 code [0x024b5240, 0x024b52d0]
Event: 3.951 Thread 0x02105c00   34             java.util.concurrent.locks.AbstractQueuedSynchronizer::getState (5 bytes)
Event: 3.951 Thread 0x02105c00 nmethod 34 0x024b5308 code [0x024b5400, 0x024b5480]

GC Heap History (0 events):
No events

Deoptimization events (0 events):
No events

Internal exceptions (10 events):
Event: 1.284 Thread 0x0240b800 Threw 0x2433f038 at C:\re\jdk7u67\1368\hotspot\src\share\vm\prims\jvm.cpp:1244
Event: 1.285 Thread 0x0240b800 Threw 0x24341368 at C:\re\jdk7u67\1368\hotspot\src\share\vm\prims\jvm.cpp:1244
Event: 1.302 Thread 0x0240b800 Threw 0x24348258 at C:\re\jdk7u67\1368\hotspot\src\share\vm\prims\jvm.cpp:1244
Event: 1.303 Thread 0x0240b800 Threw 0x24349430 at C:\re\jdk7u67\1368\hotspot\src\share\vm\prims\jvm.cpp:1244
Event: 1.322 Thread 0x0240b800 Threw 0x2435b1a0 at C:\re\jdk7u67\1368\hotspot\src\share\vm\prims\jvm.cpp:1244
Event: 1.322 Thread 0x0240b800 Threw 0x2435b3b0 at C:\re\jdk7u67\1368\hotspot\src\share\vm\prims\jvm.cpp:1244
Event: 1.326 Thread 0x0240b800 Threw 0x2435f740 at C:\re\jdk7u67\1368\hotspot\src\share\vm\prims\jvm.cpp:1244
Event: 1.326 Thread 0x0240b800 Threw 0x2435f950 at C:\re\jdk7u67\1368\hotspot\src\share\vm\prims\jvm.cpp:1244
Event: 1.332 Thread 0x0240b800 Threw 0x243618f0 at C:\re\jdk7u67\1368\hotspot\src\share\vm\prims\jni.cpp:717
Event: 1.343 Thread 0x0240b800 Threw 0x24366f38 at C:\re\jdk7u67\1368\hotspot\src\share\vm\prims\jvm.cpp:1244

Events (10 events):
Event: 1.440 loading class 0x398a8740 done
Event: 1.441 Thread 0x045ac800 Thread added: 0x045ac800
Event: 1.441 loading class 0x398a8998
Event: 1.441 loading class 0x398a8998 done
Event: 1.442 loading class 0x398aeab0
Event: 1.442 loading class 0x398aeab0 done
Event: 1.443 loading class 0x398a8700
Event: 1.443 loading class 0x398a8700 done
Event: 4.119 Executing VM operation: EnableBiasedLocking
Event: 4.119 Executing VM operation: EnableBiasedLocking done


Dynamic libraries:
0x011f0000 - 0x0121f000 	C:\Program Files\Java\jdk1.7.0_67\bin\java.exe
0x774d0000 - 0x77634000 	C:\Windows\SYSTEM32\ntdll.dll
0x761c0000 - 0x762b8000 	C:\Windows\system32\KERNEL32.DLL
0x74fb0000 - 0x75081000 	C:\Windows\system32\KERNELBASE.dll
0x73cb0000 - 0x73d4a000 	C:\Windows\system32\apphelp.dll
0x614f0000 - 0x61742000 	C:\Windows\AppPatch\AcGenral.DLL
0x75860000 - 0x7591e000 	C:\Windows\system32\msvcrt.dll
0x76100000 - 0x7613e000 	C:\Windows\SYSTEM32\sechost.dll
0x74e00000 - 0x74e22000 	C:\Windows\SYSTEM32\SspiCli.dll
0x760b0000 - 0x760f1000 	C:\Windows\system32\SHLWAPI.dll
0x74050000 - 0x74132000 	C:\Windows\SYSTEM32\UxTheme.dll
0x75d60000 - 0x75eab000 	C:\Windows\system32\USER32.dll
0x75c50000 - 0x75d59000 	C:\Windows\system32\GDI32.dll
0x729c0000 - 0x729e0000 	C:\Windows\SYSTEM32\WINMM.dll
0x6eae0000 - 0x6eaf2000 	C:\Windows\SYSTEM32\samcli.dll
0x755d0000 - 0x756db000 	C:\Windows\system32\ole32.dll
0x75bc0000 - 0x75c47000 	C:\Windows\system32\OLEAUT32.dll
0x60210000 - 0x60225000 	C:\Windows\SYSTEM32\MSACM32.dll
0x73700000 - 0x73708000 	C:\Windows\SYSTEM32\VERSION.dll
0x76310000 - 0x774b3000 	C:\Windows\system32\SHELL32.dll
0x74740000 - 0x74759000 	C:\Windows\SYSTEM32\USERENV.dll
0x73120000 - 0x73139000 	C:\Windows\SYSTEM32\dwmapi.dll
0x6ced0000 - 0x6cff1000 	C:\Windows\SYSTEM32\urlmon.dll
0x75b40000 - 0x75bb7000 	C:\Windows\system32\ADVAPI32.dll
0x736a0000 - 0x736fe000 	C:\Windows\SYSTEM32\WINSPOOL.DRV
0x694b0000 - 0x694c4000 	C:\Windows\SYSTEM32\MPR.dll
0x75470000 - 0x75534000 	C:\Windows\system32\RPCRT4.dll
0x75710000 - 0x7585e000 	C:\Windows\SYSTEM32\combase.dll
0x71390000 - 0x713b0000 	C:\Windows\SYSTEM32\WINMMBASE.dll
0x74f30000 - 0x74f3e000 	C:\Windows\SYSTEM32\profapi.dll
0x6ccb0000 - 0x6cec5000 	C:\Windows\SYSTEM32\iertutil.dll
0x6cae0000 - 0x6cca4000 	C:\Windows\SYSTEM32\WININET.dll
0x75160000 - 0x7519a000 	C:\Windows\SYSTEM32\cfgmgr32.dll
0x74030000 - 0x7404f000 	C:\Windows\SYSTEM32\DEVOBJ.dll
0x75a20000 - 0x75a97000 	C:\Windows\system32\SHCORE.DLL
0x75b10000 - 0x75b35000 	C:\Windows\system32\IMM32.DLL
0x75920000 - 0x75a17000 	C:\Windows\system32\MSCTF.dll
0x72f30000 - 0x73115000 	C:\Windows\WinSxS\x86_microsoft.windows.common-controls_6595b64144ccf1df_6.0.9600.16384_none_a9f4965301334e09\COMCTL32.dll
0x78570000 - 0x7862f000 	C:\Program Files\Java\jdk1.7.0_67\jre\bin\msvcr100.dll
0x6df60000 - 0x6e2e8000 	C:\Program Files\Java\jdk1.7.0_67\jre\bin\client\jvm.dll
0x68480000 - 0x68488000 	C:\Windows\SYSTEM32\WSOCK32.dll
0x75b00000 - 0x75b06000 	C:\Windows\system32\PSAPI.DLL
0x762c0000 - 0x7630d000 	C:\Windows\system32\WS2_32.dll
0x75700000 - 0x75707000 	C:\Windows\system32\NSI.dll
0x6c6b0000 - 0x6c6bc000 	C:\Program Files\Java\jdk1.7.0_67\jre\bin\verify.dll
0x66570000 - 0x66590000 	C:\Program Files\Java\jdk1.7.0_67\jre\bin\java.dll
0x66380000 - 0x66393000 	C:\Program Files\Java\jdk1.7.0_67\jre\bin\zip.dll
0x10000000 - 0x1000c000 	C:\Windows\System32\javaFish50.dll
0x023e0000 - 0x023e6000 	C:\Windows\SYSTEM32\umFish50.dll
0x04750000 - 0x0476a000 	C:\Windows\SYSTEM32\ftMscLib.dll
0x710c0000 - 0x710ce000 	C:\Windows\System32\xboxcontroller.dll
0x6f760000 - 0x6f766000 	C:\Windows\SYSTEM32\XINPUT9_1_0.dll
0x72aa0000 - 0x72b09000 	C:\Windows\SYSTEM32\MSVCP100.dll
0x6ee60000 - 0x6ee6b000 	C:\Windows\SYSTEM32\XInput1_4.dll
0x6c770000 - 0x6c8b3000 	C:\Program Files\Java\jdk1.7.0_67\jre\bin\awt.dll
0x74020000 - 0x74029000 	C:\Windows\SYSTEM32\kernel.appcore.dll
0x74e90000 - 0x74e99000 	C:\Windows\SYSTEM32\CRYPTBASE.dll
0x74e30000 - 0x74e81000 	C:\Windows\SYSTEM32\bcryptPrimitives.dll
0x61e30000 - 0x61f78000 	C:\Windows\SYSTEM32\dbghelp.dll

VM Arguments:
jvm_args: -Dfile.encoding=UTF-8 
java_command: robotica.Principal
Launcher Type: SUN_STANDARD

Environment Variables:
PATH=C:\Program Files\NVIDIA Corporation\PhysX\Common;C:\ProgramData\Oracle\Java\javapath;C:\Python27\;C:\Windows\system32;C:\Windows;C:\Windows\System32\Wbem;C:\Windows\System32\WindowsPowerShell\v1.0\
USERNAME=MarioAlberto
OS=Windows_NT
PROCESSOR_IDENTIFIER=x86 Family 6 Model 42 Stepping 7, GenuineIntel



---------------  S Y S T E M  ---------------

OS: Windows 8.1 Build 9600 

CPU:total 4 (2 cores per cpu, 2 threads per core) family 6 model 42 stepping 7, cmov, cx8, fxsr, mmx, sse, sse2, sse3, ssse3, sse4.1, sse4.2, popcnt, avx, aes, ht, tsc, tscinvbit

Memory: 4k page, physical 3135340k(1045324k free), swap 5083432k(2005452k free)

vm_info: Java HotSpot(TM) Client VM (24.65-b04) for windows-x86 JRE (1.7.0_67-b01), built on Jul 25 2014 10:20:53 by "java_re" with unknown MS VC++:1600

time: Wed Jan 07 12:40:11 2015
elapsed time: 5 seconds

