#
# A fatal error has been detected by the Java Runtime Environment:
#
#  EXCEPTION_ACCESS_VIOLATION (0xc0000005) at pc=0x72d957ae, pid=3720, tid=5904
#
# JRE version: Java(TM) SE Runtime Environment (7.0_67-b01) (build 1.7.0_67-b01)
# Java VM: Java HotSpot(TM) Client VM (24.65-b04 mixed mode, sharing windows-x86 )
# Problematic frame:
# C  [xboxcontroller.dll+0x57ae]
#
# Failed to write core dump. Minidumps are not enabled by default on client versions of Windows
#
# If you would like to submit a bug report, please visit:
#   http://bugreport.sun.com/bugreport/crash.jsp
# The crash happened outside the Java Virtual Machine in native code.
# See problematic frame for where to report the bug.
#

---------------  T H R E A D  ---------------

Current thread (0x01fd8800):  JavaThread "AWT-EventQueue-0" [_thread_in_native, id=5904, stack(0x04c40000,0x04c90000)]

siginfo: ExceptionCode=0xc0000005, reading address 0x00000348

Registers:
EAX=0x0225b930, EBX=0x00000009, ECX=0x00000000, EDX=0x01f3609c
ESP=0x04c8ebd8, EBP=0x04c8ebfc, ESI=0x01fc33f0, EDI=0x044de308
EIP=0x72d957ae, EFLAGS=0x00010246

Top of Stack: (sp=0x04c8ebd8)
0x04c8ebd8:   0225b930 01f3609c 00000000 00000009
0x04c8ebe8:   01fc33f0 00000000 34237e38 00000006
0x04c8ebf8:   00000008 04c8ec0c 72d93add 01fd8800
0x04c8ec08:   34237e38 04c8ec18 72d912ed 00000009
0x04c8ec18:   04c8ec60 0226b145 01fd8930 04c8ec7c
0x04c8ec28:   01fbf468 00000000 00000009 04c8ec38
0x04c8ec38:   00000001 2431d318 04c8ec38 34237e38
0x04c8ec48:   04c8ec7c 3423b448 00000000 34237e38 

Instructions: (pc=0x72d957ae)
0x72d9578e:   3b d0 7f 41 3b d9 7c 02 8b d9 8b 47 04 8b 08 8b
0x72d9579e:   d6 8b 77 18 8d 14 56 52 8b 57 08 53 6a 00 52 50
0x72d957ae:   8b 81 48 03 00 00 ff d0 01 5f 3c 8b 47 3c 3b 47
0x72d957be:   30 75 07 c7 47 3c 00 00 00 00 29 5f 40 5e 8b c3 


Register to memory mapping:

EAX=0x0225b930 is an unknown value
EBX=0x00000009 is an unknown value
ECX=0x00000000 is an unknown value
EDX=0x01f3609c is a global jni handle
ESP=0x04c8ebd8 is pointing into the stack for thread: 0x01fd8800
EBP=0x04c8ebfc is pointing into the stack for thread: 0x01fd8800
ESI=0x01fc33f0 is an unknown value
EDI=0x044de308 is an unknown value


Stack: [0x04c40000,0x04c90000],  sp=0x04c8ebd8,  free space=314k
Native frames: (J=compiled Java code, j=interpreted, Vv=VM code, C=native code)
C  [xboxcontroller.dll+0x57ae]
C  [xboxcontroller.dll+0x3add]
C  [xboxcontroller.dll+0x12ed]
j  ch.aplu.jaw.NativeHandler.nativeReadBuf(JI)I+0
j  ch.aplu.jaw.NativeHandler.readBuf(I)I+33
j  ch.aplu.xboxcontroller.XboxController.readData()Lch/aplu/xboxcontroller/ControllerState;+15
j  ch.aplu.xboxcontroller.XboxController.access$000(Lch/aplu/xboxcontroller/XboxController;)Lch/aplu/xboxcontroller/ControllerState;+1
j  ch.aplu.xboxcontroller.XboxController$1.actionPerformed(Ljava/awt/event/ActionEvent;)V+4
j  javax.swing.Timer.fireActionPerformed(Ljava/awt/event/ActionEvent;)V+35
j  javax.swing.Timer$DoPostEvent.run()V+74
j  java.awt.event.InvocationEvent.dispatch()V+47
j  java.awt.EventQueue.dispatchEventImpl(Ljava/awt/AWTEvent;Ljava/lang/Object;)V+21
j  java.awt.EventQueue.access$200(Ljava/awt/EventQueue;Ljava/awt/AWTEvent;Ljava/lang/Object;)V+3
j  java.awt.EventQueue$3.run()Ljava/lang/Void;+12
j  java.awt.EventQueue$3.run()Ljava/lang/Object;+1
v  ~StubRoutines::call_stub
V  [jvm.dll+0x1410fa]
V  [jvm.dll+0x20567e]
V  [jvm.dll+0x14117d]
V  [jvm.dll+0xfb73a]
C  [java.dll+0x102f]
j  java.security.ProtectionDomain$1.doIntersectionPrivilege(Ljava/security/PrivilegedAction;Ljava/security/AccessControlContext;Ljava/security/AccessControlContext;)Ljava/lang/Object;+28
j  java.awt.EventQueue.dispatchEvent(Ljava/awt/AWTEvent;)V+46
j  java.awt.EventDispatchThread.pumpOneEventForFilters(I)V+245
j  java.awt.EventDispatchThread.pumpEventsForFilter(ILjava/awt/Conditional;Ljava/awt/EventFilter;)V+35
j  java.awt.EventDispatchThread.pumpEventsForHierarchy(ILjava/awt/Conditional;Ljava/awt/Component;)V+11
j  java.awt.EventDispatchThread.pumpEvents(ILjava/awt/Conditional;)V+4
j  java.awt.EventDispatchThread.pumpEvents(Ljava/awt/Conditional;)V+3
j  java.awt.EventDispatchThread.run()V+9
v  ~StubRoutines::call_stub
V  [jvm.dll+0x1410fa]
V  [jvm.dll+0x20567e]
V  [jvm.dll+0x1412c5]
V  [jvm.dll+0x141327]
V  [jvm.dll+0xec6ef]
V  [jvm.dll+0x16252c]
V  [jvm.dll+0x162f87]
V  [jvm.dll+0x1a7489]
C  [msvcr100.dll+0x5c556]
C  [msvcr100.dll+0x5c600]
C  [KERNEL32.DLL+0x1793]
C  [ntdll.dll+0x5c206]
C  [ntdll.dll+0x5c1df]

Java frames: (J=compiled Java code, j=interpreted, Vv=VM code)
j  ch.aplu.jaw.NativeHandler.nativeReadBuf(JI)I+0
j  ch.aplu.jaw.NativeHandler.readBuf(I)I+33
j  ch.aplu.xboxcontroller.XboxController.readData()Lch/aplu/xboxcontroller/ControllerState;+15
j  ch.aplu.xboxcontroller.XboxController.access$000(Lch/aplu/xboxcontroller/XboxController;)Lch/aplu/xboxcontroller/ControllerState;+1
j  ch.aplu.xboxcontroller.XboxController$1.actionPerformed(Ljava/awt/event/ActionEvent;)V+4
j  javax.swing.Timer.fireActionPerformed(Ljava/awt/event/ActionEvent;)V+35
j  javax.swing.Timer$DoPostEvent.run()V+74
j  java.awt.event.InvocationEvent.dispatch()V+47
j  java.awt.EventQueue.dispatchEventImpl(Ljava/awt/AWTEvent;Ljava/lang/Object;)V+21
j  java.awt.EventQueue.access$200(Ljava/awt/EventQueue;Ljava/awt/AWTEvent;Ljava/lang/Object;)V+3
j  java.awt.EventQueue$3.run()Ljava/lang/Void;+12
j  java.awt.EventQueue$3.run()Ljava/lang/Object;+1
v  ~StubRoutines::call_stub
j  java.security.AccessController.doPrivileged(Ljava/security/PrivilegedAction;Ljava/security/AccessControlContext;)Ljava/lang/Object;+0
j  java.security.ProtectionDomain$1.doIntersectionPrivilege(Ljava/security/PrivilegedAction;Ljava/security/AccessControlContext;Ljava/security/AccessControlContext;)Ljava/lang/Object;+28
j  java.awt.EventQueue.dispatchEvent(Ljava/awt/AWTEvent;)V+46
j  java.awt.EventDispatchThread.pumpOneEventForFilters(I)V+245
j  java.awt.EventDispatchThread.pumpEventsForFilter(ILjava/awt/Conditional;Ljava/awt/EventFilter;)V+35
j  java.awt.EventDispatchThread.pumpEventsForHierarchy(ILjava/awt/Conditional;Ljava/awt/Component;)V+11
j  java.awt.EventDispatchThread.pumpEvents(ILjava/awt/Conditional;)V+4
j  java.awt.EventDispatchThread.pumpEvents(Ljava/awt/Conditional;)V+3
j  java.awt.EventDispatchThread.run()V+9
v  ~StubRoutines::call_stub

---------------  P R O C E S S  ---------------

Java Threads: ( => current thread )
=>0x01fd8800 JavaThread "AWT-EventQueue-0" [_thread_in_native, id=5904, stack(0x04c40000,0x04c90000)]
  0x01fd8000 JavaThread "AWT-Windows" daemon [_thread_in_native, id=4548, stack(0x04bf0000,0x04c40000)]
  0x01fd9c00 JavaThread "AWT-Shutdown" [_thread_blocked, id=3256, stack(0x04ba0000,0x04bf0000)]
  0x01fd9400 JavaThread "Java2D Disposer" daemon [_thread_blocked, id=1144, stack(0x04b50000,0x04ba0000)]
  0x01fda000 JavaThread "DestroyJavaVM" [_thread_blocked, id=3984, stack(0x00fa0000,0x00ff0000)]
  0x01fd9000 JavaThread "TimerQueue" daemon [_thread_blocked, id=2208, stack(0x04b00000,0x04b50000)]
  0x01fd7c00 JavaThread "Thread-0" [_thread_in_native, id=4536, stack(0x04870000,0x048c0000)]
  0x01fae400 JavaThread "Service Thread" daemon [_thread_blocked, id=1188, stack(0x043f0000,0x04440000)]
  0x01fa3000 JavaThread "C1 CompilerThread0" daemon [_thread_blocked, id=1200, stack(0x043a0000,0x043f0000)]
  0x01f9f400 JavaThread "Attach Listener" daemon [_thread_blocked, id=5604, stack(0x04350000,0x043a0000)]
  0x01f9e400 JavaThread "Signal Dispatcher" daemon [_thread_blocked, id=1344, stack(0x04300000,0x04350000)]
  0x01f30400 JavaThread "Finalizer" daemon [_thread_blocked, id=3728, stack(0x042b0000,0x04300000)]
  0x01f2e800 JavaThread "Reference Handler" daemon [_thread_blocked, id=248, stack(0x04260000,0x042b0000)]

Other Threads:
  0x01f2d400 VMThread [stack: 0x021c0000,0x02210000] [id=6056]
  0x01fbcc00 WatcherThread [stack: 0x04440000,0x04490000] [id=5668]

VM state:not at safepoint (normal execution)

VM Mutex/Monitor currently owned by a thread: None

Heap
 def new generation   total 4928K, used 1905K [0x24200000, 0x24750000, 0x29750000)
  eden space 4416K,  43% used [0x24200000, 0x243dc608, 0x24650000)
  from space 512K,   0% used [0x24650000, 0x24650000, 0x246d0000)
  to   space 512K,   0% used [0x246d0000, 0x246d0000, 0x24750000)
 tenured generation   total 10944K, used 0K [0x29750000, 0x2a200000, 0x34200000)
   the space 10944K,   0% used [0x29750000, 0x29750000, 0x29750200, 0x2a200000)
 compacting perm gen  total 12288K, used 457K [0x34200000, 0x34e00000, 0x38200000)
   the space 12288K,   3% used [0x34200000, 0x34272590, 0x34272600, 0x34e00000)
    ro space 10240K,  44% used [0x38200000, 0x3867a688, 0x3867a800, 0x38c00000)
    rw space 12288K,  52% used [0x38c00000, 0x39254170, 0x39254200, 0x39800000)

Card table byte_map: [0x02110000,0x021c0000] byte_map_base: 0x01fef000

Polling page: 0x00f60000

Code Cache  [0x02260000, 0x02308000, 0x04260000)
 total_blobs=207 nmethods=38 adapters=107 free_code_cache=32100Kb largest_free_block=32871360

Compilation events (10 events):
Event: 1.146 Thread 0x01fa3000   34 %s          control.Mover2::homeArt @ 33 (86 bytes)
Event: 1.148 Thread 0x01fa3000 nmethod 34% 0x022fd1c8 code [0x022fd320, 0x022fd76c]
Event: 8.823 Thread 0x01fa3000   35   !         java.io.BufferedReader::readLine (304 bytes)
Event: 8.828 Thread 0x01fa3000 nmethod 35 0x022fe408 code [0x022fe5e0, 0x022ff564]
Event: 8.828 Thread 0x01fa3000   36             sun.nio.cs.UTF_8$Decoder::decodeArrayLoop (543 bytes)
Event: 8.839 Thread 0x01fa3000 nmethod 36 0x02300208 code [0x023006a0, 0x02301818]
Event: 8.839 Thread 0x01fa3000   37             java.lang.Math::min (11 bytes)
Event: 8.839 Thread 0x01fa3000 nmethod 37 0x02303c88 code [0x02303d80, 0x02303df0]
Event: 8.839 Thread 0x01fa3000   38             java.lang.StringBuilder::append (8 bytes)
Event: 8.840 Thread 0x01fa3000 nmethod 38 0x02303e48 code [0x02303f50, 0x0230403c]

GC Heap History (0 events):
No events

Deoptimization events (0 events):
No events

Internal exceptions (10 events):
Event: 8.802 Thread 0x0225b800 Threw 0x24352680 at C:\re\jdk7u67\1368\hotspot\src\share\vm\prims\jvm.cpp:1244
Event: 8.803 Thread 0x0225b800 Threw 0x24354958 at C:\re\jdk7u67\1368\hotspot\src\share\vm\prims\jvm.cpp:1244
Event: 8.804 Thread 0x0225b800 Threw 0x24356c88 at C:\re\jdk7u67\1368\hotspot\src\share\vm\prims\jvm.cpp:1244
Event: 8.819 Thread 0x0225b800 Threw 0x2435dba8 at C:\re\jdk7u67\1368\hotspot\src\share\vm\prims\jvm.cpp:1244
Event: 8.819 Thread 0x0225b800 Threw 0x2435ed80 at C:\re\jdk7u67\1368\hotspot\src\share\vm\prims\jvm.cpp:1244
Event: 8.834 Thread 0x0225b800 Threw 0x24370b08 at C:\re\jdk7u67\1368\hotspot\src\share\vm\prims\jvm.cpp:1244
Event: 8.834 Thread 0x0225b800 Threw 0x24370d18 at C:\re\jdk7u67\1368\hotspot\src\share\vm\prims\jvm.cpp:1244
Event: 8.839 Thread 0x0225b800 Threw 0x243750a8 at C:\re\jdk7u67\1368\hotspot\src\share\vm\prims\jvm.cpp:1244
Event: 8.839 Thread 0x0225b800 Threw 0x243752b8 at C:\re\jdk7u67\1368\hotspot\src\share\vm\prims\jvm.cpp:1244
Event: 8.844 Thread 0x0225b800 Threw 0x24377258 at C:\re\jdk7u67\1368\hotspot\src\share\vm\prims\jni.cpp:717

Events (10 events):
Event: 8.942 loading class 0x398a8998
Event: 8.942 loading class 0x398a8998 done
Event: 8.943 loading class 0x398aeab0
Event: 8.943 loading class 0x398aeab0 done
Event: 8.943 Executing VM operation: RevokeBias
Event: 8.943 Executing VM operation: RevokeBias done
Event: 8.943 loading class 0x398a8700
Event: 8.944 loading class 0x398a8700 done
Event: 8.944 Executing VM operation: RevokeBias
Event: 8.944 Executing VM operation: RevokeBias done


Dynamic libraries:
0x00c90000 - 0x00cbf000 	C:\Program Files\Java\jdk1.7.0_67\bin\java.exe
0x77a70000 - 0x77bd4000 	C:\Windows\SYSTEM32\ntdll.dll
0x75bf0000 - 0x75ce8000 	C:\Windows\system32\KERNEL32.DLL
0x75550000 - 0x75621000 	C:\Windows\system32\KERNELBASE.dll
0x744b0000 - 0x7454a000 	C:\Windows\system32\apphelp.dll
0x56120000 - 0x56372000 	C:\Windows\AppPatch\AcGenral.DLL
0x76580000 - 0x7663e000 	C:\Windows\system32\msvcrt.dll
0x77a20000 - 0x77a5e000 	C:\Windows\SYSTEM32\sechost.dll
0x75300000 - 0x75322000 	C:\Windows\SYSTEM32\SspiCli.dll
0x76640000 - 0x76681000 	C:\Windows\system32\SHLWAPI.dll
0x74560000 - 0x74642000 	C:\Windows\SYSTEM32\UxTheme.dll
0x75aa0000 - 0x75beb000 	C:\Windows\system32\USER32.dll
0x76470000 - 0x76579000 	C:\Windows\system32\GDI32.dll
0x70530000 - 0x70550000 	C:\Windows\SYSTEM32\WINMM.dll
0x6dcb0000 - 0x6dcc2000 	C:\Windows\SYSTEM32\samcli.dll
0x76100000 - 0x7620b000 	C:\Windows\system32\ole32.dll
0x763e0000 - 0x76467000 	C:\Windows\system32\OLEAUT32.dll
0x62120000 - 0x62135000 	C:\Windows\SYSTEM32\MSACM32.dll
0x71bd0000 - 0x71bd8000 	C:\Windows\SYSTEM32\VERSION.dll
0x766f0000 - 0x77893000 	C:\Windows\system32\SHELL32.dll
0x74de0000 - 0x74df9000 	C:\Windows\SYSTEM32\USERENV.dll
0x740c0000 - 0x740d9000 	C:\Windows\SYSTEM32\dwmapi.dll
0x6ebe0000 - 0x6ed01000 	C:\Windows\SYSTEM32\urlmon.dll
0x76210000 - 0x76287000 	C:\Windows\system32\ADVAPI32.dll
0x71b70000 - 0x71bce000 	C:\Windows\SYSTEM32\WINSPOOL.DRV
0x69e60000 - 0x69e74000 	C:\Windows\SYSTEM32\MPR.dll
0x76290000 - 0x76354000 	C:\Windows\system32\RPCRT4.dll
0x75950000 - 0x75a9e000 	C:\Windows\SYSTEM32\combase.dll
0x70500000 - 0x70520000 	C:\Windows\SYSTEM32\WINMMBASE.dll
0x754d0000 - 0x754de000 	C:\Windows\SYSTEM32\profapi.dll
0x6e9c0000 - 0x6ebd5000 	C:\Windows\SYSTEM32\iertutil.dll
0x6e740000 - 0x6e904000 	C:\Windows\SYSTEM32\WININET.dll
0x75880000 - 0x758ba000 	C:\Windows\SYSTEM32\cfgmgr32.dll
0x74690000 - 0x746af000 	C:\Windows\SYSTEM32\DEVOBJ.dll
0x76360000 - 0x763d7000 	C:\Windows\system32\SHCORE.DLL
0x760d0000 - 0x760f5000 	C:\Windows\system32\IMM32.DLL
0x75fd0000 - 0x760c7000 	C:\Windows\system32\MSCTF.dll
0x73ed0000 - 0x740b5000 	C:\Windows\WinSxS\x86_microsoft.windows.common-controls_6595b64144ccf1df_6.0.9600.16384_none_a9f4965301334e09\COMCTL32.dll
0x645c0000 - 0x6467f000 	C:\Program Files\Java\jdk1.7.0_67\jre\bin\msvcr100.dll
0x56a50000 - 0x56dd8000 	C:\Program Files\Java\jdk1.7.0_67\jre\bin\client\jvm.dll
0x68fa0000 - 0x68fa8000 	C:\Windows\SYSTEM32\WSOCK32.dll
0x77a60000 - 0x77a66000 	C:\Windows\system32\PSAPI.DLL
0x75f80000 - 0x75fcd000 	C:\Windows\system32\WS2_32.dll
0x75d70000 - 0x75d77000 	C:\Windows\system32\NSI.dll
0x6cf30000 - 0x6cf3c000 	C:\Program Files\Java\jdk1.7.0_67\jre\bin\verify.dll
0x6cde0000 - 0x6ce00000 	C:\Program Files\Java\jdk1.7.0_67\jre\bin\java.dll
0x6c900000 - 0x6c913000 	C:\Program Files\Java\jdk1.7.0_67\jre\bin\zip.dll
0x10000000 - 0x1000c000 	C:\Windows\System32\javaFish50.dll
0x02210000 - 0x02216000 	C:\Windows\SYSTEM32\umFish50.dll
0x02220000 - 0x0223a000 	C:\Windows\SYSTEM32\ftMscLib.dll
0x72d90000 - 0x72d9e000 	C:\Windows\System32\xboxcontroller.dll
0x72d80000 - 0x72d86000 	C:\Windows\SYSTEM32\XINPUT9_1_0.dll
0x6b3f0000 - 0x6b459000 	C:\Windows\SYSTEM32\MSVCP100.dll
0x71da0000 - 0x71dab000 	C:\Windows\SYSTEM32\XInput1_4.dll
0x635a0000 - 0x636e3000 	C:\Program Files\Java\jdk1.7.0_67\jre\bin\awt.dll
0x744a0000 - 0x744a9000 	C:\Windows\SYSTEM32\kernel.appcore.dll
0x75390000 - 0x75399000 	C:\Windows\SYSTEM32\CRYPTBASE.dll
0x75330000 - 0x75381000 	C:\Windows\SYSTEM32\bcryptPrimitives.dll
0x62490000 - 0x625d8000 	C:\Windows\SYSTEM32\dbghelp.dll

VM Arguments:
jvm_args: -Dfile.encoding=UTF-8 
java_command: robotica.Principal
Launcher Type: SUN_STANDARD

Environment Variables:
PATH=C:\Program Files\NVIDIA Corporation\PhysX\Common;C:\ProgramData\Oracle\Java\javapath;C:\Python27\;C:\Windows\system32;C:\Windows;C:\Windows\System32\Wbem;C:\Windows\System32\WindowsPowerShell\v1.0\
USERNAME=MarioAlberto
OS=Windows_NT
PROCESSOR_IDENTIFIER=x86 Family 6 Model 42 Stepping 7, GenuineIntel



---------------  S Y S T E M  ---------------

OS: Windows 8.1 Build 9600 

CPU:total 4 (2 cores per cpu, 2 threads per core) family 6 model 42 stepping 7, cmov, cx8, fxsr, mmx, sse, sse2, sse3, ssse3, sse4.1, sse4.2, popcnt, avx, aes, ht, tsc, tscinvbit

Memory: 4k page, physical 3135340k(1763528k free), swap 3856236k(2289180k free)

vm_info: Java HotSpot(TM) Client VM (24.65-b04) for windows-x86 JRE (1.7.0_67-b01), built on Jul 25 2014 10:20:53 by "java_re" with unknown MS VC++:1600

time: Mon Dec 22 14:23:49 2014
elapsed time: 9 seconds

