#
# A fatal error has been detected by the Java Runtime Environment:
#
#  EXCEPTION_ACCESS_VIOLATION (0xc0000005) at pc=0x00000000, pid=2268, tid=5596
#
# JRE version: Java(TM) SE Runtime Environment (7.0_67-b01) (build 1.7.0_67-b01)
# Java VM: Java HotSpot(TM) Client VM (24.65-b04 mixed mode, sharing windows-x86 )
# Problematic frame:
# C  0x00000000
#
# Failed to write core dump. Minidumps are not enabled by default on client versions of Windows
#
# If you would like to submit a bug report, please visit:
#   http://bugreport.sun.com/bugreport/crash.jsp
# The crash happened outside the Java Virtual Machine in native code.
# See problematic frame for where to report the bug.
#

---------------  T H R E A D  ---------------

Current thread (0x0389bc00):  JavaThread "AWT-EventQueue-0" [_thread_in_native, id=5596, stack(0x055f0000,0x05640000)]

siginfo: ExceptionCode=0xc0000005, ExceptionInformation=0x00000008 0x00000000

Registers:
EAX=0x00000000, EBX=0x00000009, ECX=0x0126b938, EDX=0x013fe6f0
ESP=0x0563f3a4, EBP=0x0563f3cc, ESI=0x038fd5a8, EDI=0x0388ed18
EIP=0x00000000, EFLAGS=0x00010246

Top of Stack: (sp=0x0563f3a4)
0x0563f3a4:   732b57b6 0126b930 013fe6f0 00000000
0x0563f3b4:   00000009 038fd5a8 00000000 3423a5e8
0x0563f3c4:   00000006 00000008 0563f3dc 732b3add
0x0563f3d4:   0389bc00 3423a5e8 0563f3e8 732b12ed
0x0563f3e4:   00000009 0563f430 014eb145 0389bd30
0x0563f3f4:   0563f44c 038fd310 00000000 00000009
0x0563f404:   0563f408 00000009 246d05b0 0563f408
0x0563f414:   3423a5e8 0563f44c 3423dbf8 00000000 

Instructions: (pc=0x00000000)
0xffffffe0:   


Register to memory mapping:

EAX=0x00000000 is an unknown value
EBX=0x00000009 is an unknown value
ECX=0x0126b938 is an unknown value
EDX=0x013fe6f0 is a global jni handle
ESP=0x0563f3a4 is pointing into the stack for thread: 0x0389bc00
EBP=0x0563f3cc is pointing into the stack for thread: 0x0389bc00
ESI=0x038fd5a8 is an unknown value
EDI=0x0388ed18 is an unknown value


Stack: [0x055f0000,0x05640000],  sp=0x0563f3a4,  free space=316k
Java frames: (J=compiled Java code, j=interpreted, Vv=VM code)
j  ch.aplu.jaw.NativeHandler.nativeReadBuf(JI)I+0
j  ch.aplu.jaw.NativeHandler.readBuf(I)I+33
j  ch.aplu.xboxcontroller.XboxController.readData()Lch/aplu/xboxcontroller/ControllerState;+15
j  ch.aplu.xboxcontroller.XboxController.access$000(Lch/aplu/xboxcontroller/XboxController;)Lch/aplu/xboxcontroller/ControllerState;+1
j  ch.aplu.xboxcontroller.XboxController$1.actionPerformed(Ljava/awt/event/ActionEvent;)V+4
j  javax.swing.Timer.fireActionPerformed(Ljava/awt/event/ActionEvent;)V+35
j  javax.swing.Timer$DoPostEvent.run()V+74
j  java.awt.event.InvocationEvent.dispatch()V+47
j  java.awt.EventQueue.dispatchEventImpl(Ljava/awt/AWTEvent;Ljava/lang/Object;)V+21
j  java.awt.EventQueue.access$200(Ljava/awt/EventQueue;Ljava/awt/AWTEvent;Ljava/lang/Object;)V+3
j  java.awt.EventQueue$3.run()Ljava/lang/Void;+12
j  java.awt.EventQueue$3.run()Ljava/lang/Object;+1
v  ~StubRoutines::call_stub
j  java.security.AccessController.doPrivileged(Ljava/security/PrivilegedAction;Ljava/security/AccessControlContext;)Ljava/lang/Object;+0
j  java.security.ProtectionDomain$1.doIntersectionPrivilege(Ljava/security/PrivilegedAction;Ljava/security/AccessControlContext;Ljava/security/AccessControlContext;)Ljava/lang/Object;+28
j  java.awt.EventQueue.dispatchEvent(Ljava/awt/AWTEvent;)V+46
j  java.awt.EventDispatchThread.pumpOneEventForFilters(I)V+245
j  java.awt.EventDispatchThread.pumpEventsForFilter(ILjava/awt/Conditional;Ljava/awt/EventFilter;)V+35
j  java.awt.EventDispatchThread.pumpEventsForHierarchy(ILjava/awt/Conditional;Ljava/awt/Component;)V+11
j  java.awt.EventDispatchThread.pumpEvents(ILjava/awt/Conditional;)V+4
j  java.awt.EventDispatchThread.pumpEvents(Ljava/awt/Conditional;)V+3
j  java.awt.EventDispatchThread.run()V+9
v  ~StubRoutines::call_stub

---------------  P R O C E S S  ---------------

Java Threads: ( => current thread )
  0x0389b800 JavaThread "TimerQueue" daemon [_thread_blocked, id=4684, stack(0x07660000,0x076b0000)]
  0x0389dc00 JavaThread "Thread-3" [_thread_in_Java, id=4312, stack(0x055a0000,0x055f0000)]
  0x0389c800 JavaThread "D3D Screen Updater" daemon [_thread_blocked, id=2980, stack(0x06940000,0x06990000)]
  0x0389c400 JavaThread "DestroyJavaVM" [_thread_blocked, id=964, stack(0x01270000,0x012c0000)]
=>0x0389bc00 JavaThread "AWT-EventQueue-0" [_thread_in_native, id=5596, stack(0x055f0000,0x05640000)]
  0x0389d800 JavaThread "AWT-Windows" daemon [_thread_in_native, id=5128, stack(0x04280000,0x042d0000)]
  0x0389e800 JavaThread "AWT-Shutdown" [_thread_blocked, id=4148, stack(0x04230000,0x04280000)]
  0x0389b000 JavaThread "Java2D Disposer" daemon [_thread_blocked, id=5688, stack(0x041e0000,0x04230000)]
  0x0389e400 JavaThread "Thread-0" [_thread_in_native, id=7092, stack(0x03c30000,0x03c80000)]
  0x01474800 JavaThread "Service Thread" daemon [_thread_blocked, id=248, stack(0x037a0000,0x037f0000)]
  0x01473000 JavaThread "C1 CompilerThread0" daemon [_thread_in_vm, id=988, stack(0x03750000,0x037a0000)]
  0x0146f400 JavaThread "Attach Listener" daemon [_thread_blocked, id=4440, stack(0x03700000,0x03750000)]
  0x0146e400 JavaThread "Signal Dispatcher" daemon [_thread_blocked, id=7524, stack(0x036b0000,0x03700000)]
  0x01400400 JavaThread "Finalizer" daemon [_thread_blocked, id=6776, stack(0x03660000,0x036b0000)]
  0x013fe800 JavaThread "Reference Handler" daemon [_thread_blocked, id=5264, stack(0x03610000,0x03660000)]

Other Threads:
  0x013fd400 VMThread [stack: 0x035c0000,0x03610000] [id=6848]
  0x0148c800 WatcherThread [stack: 0x037f0000,0x03840000] [id=2612]

VM state:not at safepoint (normal execution)

VM Mutex/Monitor currently owned by a thread: None

Heap
 def new generation   total 4928K, used 2054K [0x24200000, 0x24750000, 0x29750000)
  eden space 4416K,  34% used [0x24200000, 0x243819d0, 0x24650000)
  from space 512K, 100% used [0x246d0000, 0x24750000, 0x24750000)
  to   space 512K,   0% used [0x24650000, 0x24650000, 0x246d0000)
 tenured generation   total 10944K, used 609K [0x29750000, 0x2a200000, 0x34200000)
   the space 10944K,   5% used [0x29750000, 0x297e8470, 0x297e8600, 0x2a200000)
 compacting perm gen  total 12288K, used 1326K [0x34200000, 0x34e00000, 0x38200000)
   the space 12288K,  10% used [0x34200000, 0x3434b810, 0x3434ba00, 0x34e00000)
    ro space 10240K,  44% used [0x38200000, 0x3867a688, 0x3867a800, 0x38c00000)
    rw space 12288K,  52% used [0x38c00000, 0x39254170, 0x39254200, 0x39800000)

Card table byte_map: [0x034e0000,0x03590000] byte_map_base: 0x033bf000

Polling page: 0x01230000

Code Cache  [0x014e0000, 0x015d0000, 0x034e0000)
 total_blobs=514 nmethods=285 adapters=166 free_code_cache=31823Kb largest_free_block=32587136

Compilation events (10 events):
Event: 11.661 Thread 0x01473000  269             javax.swing.table.TableColumn::getWidth (5 bytes)
Event: 11.661 Thread 0x01473000 nmethod 269 0x015c62c8 code [0x015c63c0, 0x015c6440]
Event: 11.661 Thread 0x01473000  270             sun.swing.SwingUtilities2::convertColumnIndexToView (42 bytes)
Event: 11.662 Thread 0x01473000 nmethod 270 0x015c6488 code [0x015c65a0, 0x015c688c]
Event: 11.662 Thread 0x01473000  271             javax.swing.JTable::getCellRect (350 bytes)
Event: 11.669 Thread 0x01473000 nmethod 271 0x015c6a88 code [0x015c6c50, 0x015c75d4]
Event: 11.669 Thread 0x01473000  272             sun.misc.FDBigInt::mult (155 bytes)
Event: 11.671 Thread 0x01473000 nmethod 272 0x015c80c8 code [0x015c81e0, 0x015c8560]
Event: 11.671 Thread 0x01473000  273             java.util.EventObject::<init> (24 bytes)
Event: 11.672 Thread 0x01473000 nmethod 273 0x015c8888 code [0x015c8990, 0x015c8a8c]

GC Heap History (2 events):
Event: 11.573 GC heap before
{Heap before GC invocations=0 (full 0):
 def new generation   total 4928K, used 4416K [0x24200000, 0x24750000, 0x29750000)
  eden space 4416K, 100% used [0x24200000, 0x24650000, 0x24650000)
  from space 512K,   0% used [0x24650000, 0x24650000, 0x246d0000)
  to   space 512K,   0% used [0x246d0000, 0x246d0000, 0x24750000)
 tenured generation   total 10944K, used 0K [0x29750000, 0x2a200000, 0x34200000)
   the space 10944K,   0% used [0x29750000, 0x29750000, 0x29750200, 0x2a200000)
 compacting perm gen  total 12288K, used 1241K [0x34200000, 0x34e00000, 0x38200000)
   the space 12288K,  10% used [0x34200000, 0x34336590, 0x34336600, 0x34e00000)
    ro space 10240K,  44% used [0x38200000, 0x3867a688, 0x3867a800, 0x38c00000)
    rw space 12288K,  52% used [0x38c00000, 0x39254170, 0x39254200, 0x39800000)
Event: 11.594 GC heap after
Heap after GC invocations=1 (full 0):
 def new generation   total 4928K, used 512K [0x24200000, 0x24750000, 0x29750000)
  eden space 4416K,   0% used [0x24200000, 0x24200000, 0x24650000)
  from space 512K, 100% used [0x246d0000, 0x24750000, 0x24750000)
  to   space 512K,   0% used [0x24650000, 0x24650000, 0x246d0000)
 tenured generation   total 10944K, used 609K [0x29750000, 0x2a200000, 0x34200000)
   the space 10944K,   5% used [0x29750000, 0x297e8470, 0x297e8600, 0x2a200000)
 compacting perm gen  total 12288K, used 1241K [0x34200000, 0x34e00000, 0x38200000)
   the space 12288K,  10% used [0x34200000, 0x34336590, 0x34336600, 0x34e00000)
    ro space 10240K,  44% used [0x38200000, 0x3867a688, 0x3867a800, 0x38c00000)
    rw space 12288K,  52% used [0x38c00000, 0x39254170, 0x39254200, 0x39800000)
}

Deoptimization events (0 events):
No events

Internal exceptions (10 events):
Event: 11.597 Thread 0x0389bc00 Threw 0x24202a40 at C:\re\jdk7u67\1368\hotspot\src\share\vm\prims\jvm.cpp:1244
Event: 11.598 Thread 0x0389bc00 Threw 0x24204f00 at C:\re\jdk7u67\1368\hotspot\src\share\vm\prims\jvm.cpp:1244
Event: 11.599 Thread 0x0389bc00 Threw 0x242073c8 at C:\re\jdk7u67\1368\hotspot\src\share\vm\prims\jvm.cpp:1244
Event: 11.600 Thread 0x0389bc00 Threw 0x24209890 at C:\re\jdk7u67\1368\hotspot\src\share\vm\prims\jvm.cpp:1244
Event: 11.601 Thread 0x0389bc00 Threw 0x2420bd58 at C:\re\jdk7u67\1368\hotspot\src\share\vm\prims\jvm.cpp:1244
Event: 11.602 Thread 0x0389bc00 Threw 0x2422f7d8 at C:\re\jdk7u67\1368\hotspot\src\share\vm\prims\jvm.cpp:1244
Event: 11.604 Thread 0x0389bc00 Threw 0x24231ca0 at C:\re\jdk7u67\1368\hotspot\src\share\vm\prims\jvm.cpp:1244
Event: 11.605 Thread 0x0389bc00 Threw 0x242342b8 at C:\re\jdk7u67\1368\hotspot\src\share\vm\prims\jvm.cpp:1244
Event: 11.605 Thread 0x0389bc00 Threw 0x24236780 at C:\re\jdk7u67\1368\hotspot\src\share\vm\prims\jvm.cpp:1244
Event: 11.607 Thread 0x0389bc00 Threw 0x24238d60 at C:\re\jdk7u67\1368\hotspot\src\share\vm\prims\jvm.cpp:1244

Events (10 events):
Event: 11.616 loading class 0x0385efa8
Event: 11.616 loading class 0x0385efa8 done
Event: 11.618 loading class 0x39981cd8
Event: 11.619 loading class 0x39981cd8 done
Event: 11.627 loading class 0x398803f8
Event: 11.627 loading class 0x398803f8 done
Event: 11.632 Executing VM operation: RevokeBias
Event: 11.632 Executing VM operation: RevokeBias done
Event: 11.667 loading class 0x3991d540
Event: 11.667 loading class 0x3991d540 done


Dynamic libraries:
0x011f0000 - 0x0121f000 	C:\Program Files\Java\jdk1.7.0_67\bin\java.exe
0x774d0000 - 0x77634000 	C:\Windows\SYSTEM32\ntdll.dll
0x761c0000 - 0x762b8000 	C:\Windows\system32\KERNEL32.DLL
0x74fb0000 - 0x75081000 	C:\Windows\system32\KERNELBASE.dll
0x73cb0000 - 0x73d4a000 	C:\Windows\system32\apphelp.dll
0x61890000 - 0x61ae2000 	C:\Windows\AppPatch\AcGenral.DLL
0x75860000 - 0x7591e000 	C:\Windows\system32\msvcrt.dll
0x76100000 - 0x7613e000 	C:\Windows\SYSTEM32\sechost.dll
0x74e00000 - 0x74e22000 	C:\Windows\SYSTEM32\SspiCli.dll
0x760b0000 - 0x760f1000 	C:\Windows\system32\SHLWAPI.dll
0x74050000 - 0x74132000 	C:\Windows\SYSTEM32\UxTheme.dll
0x75d60000 - 0x75eab000 	C:\Windows\system32\USER32.dll
0x75c50000 - 0x75d59000 	C:\Windows\system32\GDI32.dll
0x729c0000 - 0x729e0000 	C:\Windows\SYSTEM32\WINMM.dll
0x6eae0000 - 0x6eaf2000 	C:\Windows\SYSTEM32\samcli.dll
0x755d0000 - 0x756db000 	C:\Windows\system32\ole32.dll
0x75bc0000 - 0x75c47000 	C:\Windows\system32\OLEAUT32.dll
0x60210000 - 0x60225000 	C:\Windows\SYSTEM32\MSACM32.dll
0x73700000 - 0x73708000 	C:\Windows\SYSTEM32\VERSION.dll
0x76310000 - 0x774b3000 	C:\Windows\system32\SHELL32.dll
0x74740000 - 0x74759000 	C:\Windows\SYSTEM32\USERENV.dll
0x73120000 - 0x73139000 	C:\Windows\SYSTEM32\dwmapi.dll
0x6ced0000 - 0x6cff1000 	C:\Windows\SYSTEM32\urlmon.dll
0x75b40000 - 0x75bb7000 	C:\Windows\system32\ADVAPI32.dll
0x736a0000 - 0x736fe000 	C:\Windows\SYSTEM32\WINSPOOL.DRV
0x694b0000 - 0x694c4000 	C:\Windows\SYSTEM32\MPR.dll
0x75470000 - 0x75534000 	C:\Windows\system32\RPCRT4.dll
0x75710000 - 0x7585e000 	C:\Windows\SYSTEM32\combase.dll
0x71390000 - 0x713b0000 	C:\Windows\SYSTEM32\WINMMBASE.dll
0x74f30000 - 0x74f3e000 	C:\Windows\SYSTEM32\profapi.dll
0x6ccb0000 - 0x6cec5000 	C:\Windows\SYSTEM32\iertutil.dll
0x6cae0000 - 0x6cca4000 	C:\Windows\SYSTEM32\WININET.dll
0x75160000 - 0x7519a000 	C:\Windows\SYSTEM32\cfgmgr32.dll
0x74030000 - 0x7404f000 	C:\Windows\SYSTEM32\DEVOBJ.dll
0x75a20000 - 0x75a97000 	C:\Windows\system32\SHCORE.DLL
0x75b10000 - 0x75b35000 	C:\Windows\system32\IMM32.DLL
0x75920000 - 0x75a17000 	C:\Windows\system32\MSCTF.dll
0x72f30000 - 0x73115000 	C:\Windows\WinSxS\x86_microsoft.windows.common-controls_6595b64144ccf1df_6.0.9600.16384_none_a9f4965301334e09\COMCTL32.dll
0x78570000 - 0x7862f000 	C:\Program Files\Java\jdk1.7.0_67\jre\bin\msvcr100.dll
0x6df60000 - 0x6e2e8000 	C:\Program Files\Java\jdk1.7.0_67\jre\bin\client\jvm.dll
0x68480000 - 0x68488000 	C:\Windows\SYSTEM32\WSOCK32.dll
0x75b00000 - 0x75b06000 	C:\Windows\system32\PSAPI.DLL
0x762c0000 - 0x7630d000 	C:\Windows\system32\WS2_32.dll
0x75700000 - 0x75707000 	C:\Windows\system32\NSI.dll
0x6c6b0000 - 0x6c6bc000 	C:\Program Files\Java\jdk1.7.0_67\jre\bin\verify.dll
0x66570000 - 0x66590000 	C:\Program Files\Java\jdk1.7.0_67\jre\bin\java.dll
0x66380000 - 0x66393000 	C:\Program Files\Java\jdk1.7.0_67\jre\bin\zip.dll
0x10000000 - 0x1000c000 	C:\Windows\System32\javaFish50.dll
0x03a40000 - 0x03a46000 	C:\Windows\SYSTEM32\umFish50.dll
0x03a50000 - 0x03a6a000 	C:\Windows\SYSTEM32\ftMscLib.dll
0x732b0000 - 0x732be000 	C:\Windows\System32\xboxcontroller.dll
0x71130000 - 0x71136000 	C:\Windows\SYSTEM32\XINPUT9_1_0.dll
0x72aa0000 - 0x72b09000 	C:\Windows\SYSTEM32\MSVCP100.dll
0x71120000 - 0x7112b000 	C:\Windows\SYSTEM32\XInput1_4.dll
0x6c770000 - 0x6c8b3000 	C:\Program Files\Java\jdk1.7.0_67\jre\bin\awt.dll
0x74020000 - 0x74029000 	C:\Windows\SYSTEM32\kernel.appcore.dll
0x74e90000 - 0x74e99000 	C:\Windows\SYSTEM32\CRYPTBASE.dll
0x74e30000 - 0x74e81000 	C:\Windows\SYSTEM32\bcryptPrimitives.dll
0x6d380000 - 0x6d538000 	C:\Windows\system32\d3d9.dll
0x042d0000 - 0x052e2000 	C:\Windows\SYSTEM32\nvd3dum.dll
0x05370000 - 0x0558c000 	C:\Windows\system32\nvspcap.dll
0x74760000 - 0x7479e000 	C:\Windows\system32\powrprof.dll
0x72350000 - 0x72487000 	C:\Program Files\NVIDIA Corporation\3D Vision\nvSCPAPI.dll
0x75eb0000 - 0x7605c000 	C:\Windows\system32\SETUPAPI.dll
0x65f10000 - 0x65f49000 	C:\Program Files\Java\jdk1.7.0_67\jre\bin\fontmanager.dll
0x66360000 - 0x66374000 	C:\Program Files\Java\jdk1.7.0_67\jre\bin\net.dll
0x74960000 - 0x749a5000 	C:\Windows\system32\mswsock.dll
0x6c2a0000 - 0x6c2af000 	C:\Program Files\Java\jdk1.7.0_67\jre\bin\nio.dll
0x65c70000 - 0x65ca0000 	C:\Program Files\Java\jdk1.7.0_67\jre\bin\t2k.dll
0x61e30000 - 0x61f78000 	C:\Windows\SYSTEM32\dbghelp.dll

VM Arguments:
jvm_args: -Dfile.encoding=UTF-8 
java_command: robotica.Principal
Launcher Type: SUN_STANDARD

Environment Variables:
PATH=C:\Program Files\NVIDIA Corporation\PhysX\Common;C:\ProgramData\Oracle\Java\javapath;C:\Python27\;C:\Windows\system32;C:\Windows;C:\Windows\System32\Wbem;C:\Windows\System32\WindowsPowerShell\v1.0\
USERNAME=MarioAlberto
OS=Windows_NT
PROCESSOR_IDENTIFIER=x86 Family 6 Model 42 Stepping 7, GenuineIntel



---------------  S Y S T E M  ---------------

OS: Windows 8.1 Build 9600 

CPU:total 4 (2 cores per cpu, 2 threads per core) family 6 model 42 stepping 7, cmov, cx8, fxsr, mmx, sse, sse2, sse3, ssse3, sse4.1, sse4.2, popcnt, avx, aes, ht, tsc, tscinvbit

Memory: 4k page, physical 3135340k(1175276k free), swap 5083432k(2432216k free)

vm_info: Java HotSpot(TM) Client VM (24.65-b04) for windows-x86 JRE (1.7.0_67-b01), built on Jul 25 2014 10:20:53 by "java_re" with unknown MS VC++:1600

time: Wed Jan 07 14:23:18 2015
elapsed time: 11 seconds

