#
# A fatal error has been detected by the Java Runtime Environment:
#
#  EXCEPTION_ACCESS_VIOLATION (0xc0000005) at pc=0x6100e100, pid=7980, tid=4228
#
# JRE version: Java(TM) SE Runtime Environment (7.0_67-b01) (build 1.7.0_67-b01)
# Java VM: Java HotSpot(TM) Client VM (24.65-b04 mixed mode, sharing windows-x86 )
# Problematic frame:
# C  0x6100e100
#
# Failed to write core dump. Minidumps are not enabled by default on client versions of Windows
#
# If you would like to submit a bug report, please visit:
#   http://bugreport.sun.com/bugreport/crash.jsp
# The crash happened outside the Java Virtual Machine in native code.
# See problematic frame for where to report the bug.
#

---------------  T H R E A D  ---------------

Current thread (0x00f69800):  JavaThread "AWT-EventQueue-0" [_thread_in_native, id=4228, stack(0x04650000,0x046a0000)]

siginfo: ExceptionCode=0xc0000005, ExceptionInformation=0x00000008 0x6100e100

Registers:
EAX=0x6100e100, EBX=0x00000009, ECX=0x0090b938, EDX=0x00ac6160
ESP=0x0469eec4, EBP=0x0469eeec, ESI=0x00f64e38, EDI=0x00f5fdb0
EIP=0x6100e100, EFLAGS=0x00010246

Top of Stack: (sp=0x0469eec4)
0x0469eec4:   733957b6 0090b930 00ac6160 00000000
0x0469eed4:   00000009 00f64e38 00000000 34238698
0x0469eee4:   00000006 00000008 0469eefc 73393add
0x0469eef4:   00f69800 34238698 0469ef08 733912ed
0x0469ef04:   00000009 0469ef54 01e2b145 00f69930
0x0469ef14:   0469ef70 00f64980 00000000 00000009
0x0469ef24:   00f9d3e4 0469ef2c 00000001 2431da40
0x0469ef34:   0469ef2c 34238698 0469ef70 3423bca8 

Instructions: (pc=0x6100e100)
0x6100e0e0:   
[error occurred during error reporting (printing registers, top of stack, instructions near pc), id 0xc0000005]

Register to memory mapping:

EAX=0x6100e100 is an unknown value
EBX=0x00000009 is an unknown value
ECX=0x0090b938 is an unknown value
EDX=0x00ac6160 is a global jni handle
ESP=0x0469eec4 is pointing into the stack for thread: 0x00f69800
EBP=0x0469eeec is pointing into the stack for thread: 0x00f69800
ESI=0x00f64e38 is an unknown value
EDI=0x00f5fdb0 is an unknown value


Stack: [0x04650000,0x046a0000],  sp=0x0469eec4,  free space=315k
Native frames: (J=compiled Java code, j=interpreted, Vv=VM code, C=native code)
C  0x6100e100
C  [xboxcontroller.dll+0x3add]
C  [xboxcontroller.dll+0x12ed]
j  ch.aplu.jaw.NativeHandler.nativeReadBuf(JI)I+0
j  ch.aplu.jaw.NativeHandler.readBuf(I)I+33
j  ch.aplu.xboxcontroller.XboxController.readData()Lch/aplu/xboxcontroller/ControllerState;+15
j  ch.aplu.xboxcontroller.XboxController.access$000(Lch/aplu/xboxcontroller/XboxController;)Lch/aplu/xboxcontroller/ControllerState;+1
j  ch.aplu.xboxcontroller.XboxController$1.actionPerformed(Ljava/awt/event/ActionEvent;)V+4
J 118 C1 javax.swing.Timer.fireActionPerformed(Ljava/awt/event/ActionEvent;)V (47 bytes) @ 0x01edc3f8 [0x01edc320+0xd8]
j  javax.swing.Timer$DoPostEvent.run()V+74
j  java.awt.event.InvocationEvent.dispatch()V+47
j  java.awt.EventQueue.dispatchEventImpl(Ljava/awt/AWTEvent;Ljava/lang/Object;)V+21
j  java.awt.EventQueue.access$200(Ljava/awt/EventQueue;Ljava/awt/AWTEvent;Ljava/lang/Object;)V+3
j  java.awt.EventQueue$3.run()Ljava/lang/Void;+12
j  java.awt.EventQueue$3.run()Ljava/lang/Object;+1
v  ~StubRoutines::call_stub
V  [jvm.dll+0x1410fa]
V  [jvm.dll+0x20567e]
V  [jvm.dll+0x14117d]
V  [jvm.dll+0xfb73a]
C  [java.dll+0x102f]
j  java.security.ProtectionDomain$1.doIntersectionPrivilege(Ljava/security/PrivilegedAction;Ljava/security/AccessControlContext;Ljava/security/AccessControlContext;)Ljava/lang/Object;+28
j  java.awt.EventQueue.dispatchEvent(Ljava/awt/AWTEvent;)V+46
J 115 C1 java.awt.EventDispatchThread.pumpOneEventForFilters(I)V (295 bytes) @ 0x01ed94ec [0x01ed8e50+0x69c]
j  java.awt.EventDispatchThread.pumpEventsForFilter(ILjava/awt/Conditional;Ljava/awt/EventFilter;)V+35
j  java.awt.EventDispatchThread.pumpEventsForHierarchy(ILjava/awt/Conditional;Ljava/awt/Component;)V+11
j  java.awt.EventDispatchThread.pumpEvents(ILjava/awt/Conditional;)V+4
j  java.awt.EventDispatchThread.pumpEvents(Ljava/awt/Conditional;)V+3
j  java.awt.EventDispatchThread.run()V+9
v  ~StubRoutines::call_stub
V  [jvm.dll+0x1410fa]
V  [jvm.dll+0x20567e]
V  [jvm.dll+0x1412c5]
V  [jvm.dll+0x141327]
V  [jvm.dll+0xec6ef]
V  [jvm.dll+0x16252c]
V  [jvm.dll+0x162f87]
V  [jvm.dll+0x1a7489]
C  [msvcr100.dll+0x5c556]
C  [msvcr100.dll+0x5c600]
C  [KERNEL32.DLL+0x1793]
C  [ntdll.dll+0x5c206]
C  [ntdll.dll+0x5c1df]

Java frames: (J=compiled Java code, j=interpreted, Vv=VM code)
j  ch.aplu.jaw.NativeHandler.nativeReadBuf(JI)I+0
j  ch.aplu.jaw.NativeHandler.readBuf(I)I+33
j  ch.aplu.xboxcontroller.XboxController.readData()Lch/aplu/xboxcontroller/ControllerState;+15
j  ch.aplu.xboxcontroller.XboxController.access$000(Lch/aplu/xboxcontroller/XboxController;)Lch/aplu/xboxcontroller/ControllerState;+1
j  ch.aplu.xboxcontroller.XboxController$1.actionPerformed(Ljava/awt/event/ActionEvent;)V+4
J 118 C1 javax.swing.Timer.fireActionPerformed(Ljava/awt/event/ActionEvent;)V (47 bytes) @ 0x01edc3f8 [0x01edc320+0xd8]
j  javax.swing.Timer$DoPostEvent.run()V+74
j  java.awt.event.InvocationEvent.dispatch()V+47
j  java.awt.EventQueue.dispatchEventImpl(Ljava/awt/AWTEvent;Ljava/lang/Object;)V+21
j  java.awt.EventQueue.access$200(Ljava/awt/EventQueue;Ljava/awt/AWTEvent;Ljava/lang/Object;)V+3
j  java.awt.EventQueue$3.run()Ljava/lang/Void;+12
j  java.awt.EventQueue$3.run()Ljava/lang/Object;+1
v  ~StubRoutines::call_stub
J 104  java.security.AccessController.doPrivileged(Ljava/security/PrivilegedAction;Ljava/security/AccessControlContext;)Ljava/lang/Object; (0 bytes) @ 0x01ed58c7 [0x01ed5860+0x67]
j  java.security.ProtectionDomain$1.doIntersectionPrivilege(Ljava/security/PrivilegedAction;Ljava/security/AccessControlContext;Ljava/security/AccessControlContext;)Ljava/lang/Object;+28
j  java.awt.EventQueue.dispatchEvent(Ljava/awt/AWTEvent;)V+46
J 115 C1 java.awt.EventDispatchThread.pumpOneEventForFilters(I)V (295 bytes) @ 0x01ed94ec [0x01ed8e50+0x69c]
j  java.awt.EventDispatchThread.pumpEventsForFilter(ILjava/awt/Conditional;Ljava/awt/EventFilter;)V+35
j  java.awt.EventDispatchThread.pumpEventsForHierarchy(ILjava/awt/Conditional;Ljava/awt/Component;)V+11
j  java.awt.EventDispatchThread.pumpEvents(ILjava/awt/Conditional;)V+4
j  java.awt.EventDispatchThread.pumpEvents(Ljava/awt/Conditional;)V+3
j  java.awt.EventDispatchThread.run()V+9
v  ~StubRoutines::call_stub

---------------  P R O C E S S  ---------------

Java Threads: ( => current thread )
=>0x00f69800 JavaThread "AWT-EventQueue-0" [_thread_in_native, id=4228, stack(0x04650000,0x046a0000)]
  0x00f6bc00 JavaThread "AWT-Windows" daemon [_thread_in_native, id=7156, stack(0x04600000,0x04650000)]
  0x00f6a000 JavaThread "AWT-Shutdown" [_thread_blocked, id=7952, stack(0x045b0000,0x04600000)]
  0x00f69000 JavaThread "Java2D Disposer" daemon [_thread_blocked, id=4420, stack(0x04560000,0x045b0000)]
  0x00f6b800 JavaThread "DestroyJavaVM" [_thread_blocked, id=7636, stack(0x00910000,0x00960000)]
  0x00f68400 JavaThread "TimerQueue" daemon [_thread_blocked, id=5660, stack(0x04510000,0x04560000)]
  0x00f6a400 JavaThread "Thread-0" [_thread_in_native, id=2240, stack(0x03f20000,0x03f70000)]
  0x00b35c00 JavaThread "Service Thread" daemon [_thread_blocked, id=7504, stack(0x00e70000,0x00ec0000)]
  0x00b33000 JavaThread "C1 CompilerThread0" daemon [_thread_blocked, id=8176, stack(0x00e20000,0x00e70000)]
  0x00b2f400 JavaThread "Attach Listener" daemon [_thread_blocked, id=7076, stack(0x00dd0000,0x00e20000)]
  0x00b2e400 JavaThread "Signal Dispatcher" daemon [_thread_blocked, id=7768, stack(0x00d80000,0x00dd0000)]
  0x00ac0400 JavaThread "Finalizer" daemon [_thread_blocked, id=6440, stack(0x00d30000,0x00d80000)]
  0x00abe800 JavaThread "Reference Handler" daemon [_thread_blocked, id=4324, stack(0x00ce0000,0x00d30000)]

Other Threads:
  0x00abd400 VMThread [stack: 0x00c90000,0x00ce0000] [id=3164]
  0x00b55000 WatcherThread [stack: 0x00ec0000,0x00f10000] [id=3492]

VM state:not at safepoint (normal execution)

VM Mutex/Monitor currently owned by a thread: None

Heap
 def new generation   total 4928K, used 2525K [0x24200000, 0x24750000, 0x29750000)
  eden space 4416K,  57% used [0x24200000, 0x244774c8, 0x24650000)
  from space 512K,   0% used [0x24650000, 0x24650000, 0x246d0000)
  to   space 512K,   0% used [0x246d0000, 0x246d0000, 0x24750000)
 tenured generation   total 10944K, used 0K [0x29750000, 0x2a200000, 0x34200000)
   the space 10944K,   0% used [0x29750000, 0x29750000, 0x29750200, 0x2a200000)
 compacting perm gen  total 12288K, used 492K [0x34200000, 0x34e00000, 0x38200000)
   the space 12288K,   4% used [0x34200000, 0x3427b148, 0x3427b200, 0x34e00000)
    ro space 10240K,  44% used [0x38200000, 0x3867a688, 0x3867a800, 0x38c00000)
    rw space 12288K,  52% used [0x38c00000, 0x39254170, 0x39254200, 0x39800000)

Card table byte_map: [0x00ba0000,0x00c50000] byte_map_base: 0x00a7f000

Polling page: 0x00960000

Code Cache  [0x01e20000, 0x01ee0000, 0x03e20000)
 total_blobs=290 nmethods=120 adapters=107 free_code_cache=32012Kb largest_free_block=32780864

Compilation events (10 events):
Event: 43.457 Thread 0x00b33000  116   !         java.awt.EventQueue::getNextEvent (84 bytes)
Event: 43.460 Thread 0x00b33000 nmethod 116 0x01edae48 code [0x01edafd0, 0x01edb280]
Event: 43.460 Thread 0x00b33000  117             java.util.concurrent.locks.AbstractQueuedSynchronizer$ConditionObject::await (98 bytes)
Event: 43.463 Thread 0x00b33000 nmethod 117 0x01edb6c8 code [0x01edb870, 0x01edbcc4]
Event: 43.495 Thread 0x00b33000  118             javax.swing.Timer::fireActionPerformed (47 bytes)
Event: 43.496 Thread 0x00b33000 nmethod 118 0x01edc208 code [0x01edc320, 0x01edc4ac]
Event: 70.183 Thread 0x00b33000  119             java.util.HashMap$Entry::<init> (26 bytes)
Event: 70.183 Thread 0x00b33000 nmethod 119 0x01edc648 code [0x01edc740, 0x01edc800]
Event: 74.078 Thread 0x00b33000  120             java.util.HashMap::put (142 bytes)
Event: 74.080 Thread 0x00b33000 nmethod 120 0x01edc848 code [0x01edc9a0, 0x01edcbc8]

GC Heap History (0 events):
No events

Deoptimization events (0 events):
No events

Internal exceptions (10 events):
Event: 4.795 Thread 0x0090b800 Threw 0x24356840 at C:\re\jdk7u67\1368\hotspot\src\share\vm\prims\jvm.cpp:1244
Event: 4.796 Thread 0x0090b800 Threw 0x24358b90 at C:\re\jdk7u67\1368\hotspot\src\share\vm\prims\jvm.cpp:1244
Event: 4.815 Thread 0x0090b800 Threw 0x2435fa60 at C:\re\jdk7u67\1368\hotspot\src\share\vm\prims\jvm.cpp:1244
Event: 4.816 Thread 0x0090b800 Threw 0x24360c38 at C:\re\jdk7u67\1368\hotspot\src\share\vm\prims\jvm.cpp:1244
Event: 4.832 Thread 0x0090b800 Threw 0x243729d0 at C:\re\jdk7u67\1368\hotspot\src\share\vm\prims\jvm.cpp:1244
Event: 4.832 Thread 0x0090b800 Threw 0x24372be0 at C:\re\jdk7u67\1368\hotspot\src\share\vm\prims\jvm.cpp:1244
Event: 4.836 Thread 0x0090b800 Threw 0x24376f70 at C:\re\jdk7u67\1368\hotspot\src\share\vm\prims\jvm.cpp:1244
Event: 4.836 Thread 0x0090b800 Threw 0x24377180 at C:\re\jdk7u67\1368\hotspot\src\share\vm\prims\jvm.cpp:1244
Event: 4.841 Thread 0x0090b800 Threw 0x24379120 at C:\re\jdk7u67\1368\hotspot\src\share\vm\prims\jni.cpp:717
Event: 4.851 Thread 0x0090b800 Threw 0x2437e558 at C:\re\jdk7u67\1368\hotspot\src\share\vm\prims\jvm.cpp:1244

Events (10 events):
Event: 4.947 loading class 0x398a8998
Event: 4.947 loading class 0x398a8998 done
Event: 4.948 loading class 0x398aeab0
Event: 4.948 loading class 0x398aeab0 done
Event: 4.948 Executing VM operation: RevokeBias
Event: 4.948 Executing VM operation: RevokeBias done
Event: 4.949 loading class 0x398a8700
Event: 4.949 loading class 0x398a8700 done
Event: 4.950 Executing VM operation: RevokeBias
Event: 4.950 Executing VM operation: RevokeBias done


Dynamic libraries:
0x011f0000 - 0x0121f000 	C:\Program Files\Java\jdk1.7.0_67\bin\java.exe
0x774d0000 - 0x77634000 	C:\Windows\SYSTEM32\ntdll.dll
0x761c0000 - 0x762b8000 	C:\Windows\system32\KERNEL32.DLL
0x74fb0000 - 0x75081000 	C:\Windows\system32\KERNELBASE.dll
0x73cb0000 - 0x73d4a000 	C:\Windows\system32\apphelp.dll
0x61890000 - 0x61ae2000 	C:\Windows\AppPatch\AcGenral.DLL
0x75860000 - 0x7591e000 	C:\Windows\system32\msvcrt.dll
0x76100000 - 0x7613e000 	C:\Windows\SYSTEM32\sechost.dll
0x74e00000 - 0x74e22000 	C:\Windows\SYSTEM32\SspiCli.dll
0x760b0000 - 0x760f1000 	C:\Windows\system32\SHLWAPI.dll
0x74050000 - 0x74132000 	C:\Windows\SYSTEM32\UxTheme.dll
0x75d60000 - 0x75eab000 	C:\Windows\system32\USER32.dll
0x75c50000 - 0x75d59000 	C:\Windows\system32\GDI32.dll
0x729c0000 - 0x729e0000 	C:\Windows\SYSTEM32\WINMM.dll
0x6eae0000 - 0x6eaf2000 	C:\Windows\SYSTEM32\samcli.dll
0x755d0000 - 0x756db000 	C:\Windows\system32\ole32.dll
0x75bc0000 - 0x75c47000 	C:\Windows\system32\OLEAUT32.dll
0x60210000 - 0x60225000 	C:\Windows\SYSTEM32\MSACM32.dll
0x73700000 - 0x73708000 	C:\Windows\SYSTEM32\VERSION.dll
0x76310000 - 0x774b3000 	C:\Windows\system32\SHELL32.dll
0x74740000 - 0x74759000 	C:\Windows\SYSTEM32\USERENV.dll
0x73120000 - 0x73139000 	C:\Windows\SYSTEM32\dwmapi.dll
0x6ced0000 - 0x6cff1000 	C:\Windows\SYSTEM32\urlmon.dll
0x75b40000 - 0x75bb7000 	C:\Windows\system32\ADVAPI32.dll
0x736a0000 - 0x736fe000 	C:\Windows\SYSTEM32\WINSPOOL.DRV
0x694b0000 - 0x694c4000 	C:\Windows\SYSTEM32\MPR.dll
0x75470000 - 0x75534000 	C:\Windows\system32\RPCRT4.dll
0x75710000 - 0x7585e000 	C:\Windows\SYSTEM32\combase.dll
0x71390000 - 0x713b0000 	C:\Windows\SYSTEM32\WINMMBASE.dll
0x74f30000 - 0x74f3e000 	C:\Windows\SYSTEM32\profapi.dll
0x6ccb0000 - 0x6cec5000 	C:\Windows\SYSTEM32\iertutil.dll
0x6cae0000 - 0x6cca4000 	C:\Windows\SYSTEM32\WININET.dll
0x75160000 - 0x7519a000 	C:\Windows\SYSTEM32\cfgmgr32.dll
0x74030000 - 0x7404f000 	C:\Windows\SYSTEM32\DEVOBJ.dll
0x75a20000 - 0x75a97000 	C:\Windows\system32\SHCORE.DLL
0x75b10000 - 0x75b35000 	C:\Windows\system32\IMM32.DLL
0x75920000 - 0x75a17000 	C:\Windows\system32\MSCTF.dll
0x72f30000 - 0x73115000 	C:\Windows\WinSxS\x86_microsoft.windows.common-controls_6595b64144ccf1df_6.0.9600.16384_none_a9f4965301334e09\COMCTL32.dll
0x78570000 - 0x7862f000 	C:\Program Files\Java\jdk1.7.0_67\jre\bin\msvcr100.dll
0x6df60000 - 0x6e2e8000 	C:\Program Files\Java\jdk1.7.0_67\jre\bin\client\jvm.dll
0x68480000 - 0x68488000 	C:\Windows\SYSTEM32\WSOCK32.dll
0x75b00000 - 0x75b06000 	C:\Windows\system32\PSAPI.DLL
0x762c0000 - 0x7630d000 	C:\Windows\system32\WS2_32.dll
0x75700000 - 0x75707000 	C:\Windows\system32\NSI.dll
0x6c6b0000 - 0x6c6bc000 	C:\Program Files\Java\jdk1.7.0_67\jre\bin\verify.dll
0x66570000 - 0x66590000 	C:\Program Files\Java\jdk1.7.0_67\jre\bin\java.dll
0x66380000 - 0x66393000 	C:\Program Files\Java\jdk1.7.0_67\jre\bin\zip.dll
0x10000000 - 0x1000c000 	C:\Windows\System32\javaFish50.dll
0x01110000 - 0x01116000 	C:\Windows\SYSTEM32\umFish50.dll
0x01120000 - 0x0113a000 	C:\Windows\SYSTEM32\ftMscLib.dll
0x73390000 - 0x7339e000 	C:\Windows\System32\xboxcontroller.dll
0x732b0000 - 0x732b6000 	C:\Windows\SYSTEM32\XINPUT9_1_0.dll
0x72aa0000 - 0x72b09000 	C:\Windows\SYSTEM32\MSVCP100.dll
0x72a90000 - 0x72a9b000 	C:\Windows\SYSTEM32\XInput1_4.dll
0x6c770000 - 0x6c8b3000 	C:\Program Files\Java\jdk1.7.0_67\jre\bin\awt.dll
0x74020000 - 0x74029000 	C:\Windows\SYSTEM32\kernel.appcore.dll
0x74e90000 - 0x74e99000 	C:\Windows\SYSTEM32\CRYPTBASE.dll
0x74e30000 - 0x74e81000 	C:\Windows\SYSTEM32\bcryptPrimitives.dll
0x61e30000 - 0x61f78000 	C:\Windows\SYSTEM32\dbghelp.dll

VM Arguments:
jvm_args: -Dfile.encoding=UTF-8 
java_command: robotica.Principal
Launcher Type: SUN_STANDARD

Environment Variables:
PATH=C:\Program Files\NVIDIA Corporation\PhysX\Common;C:\ProgramData\Oracle\Java\javapath;C:\Python27\;C:\Windows\system32;C:\Windows;C:\Windows\System32\Wbem;C:\Windows\System32\WindowsPowerShell\v1.0\
USERNAME=MarioAlberto
OS=Windows_NT
PROCESSOR_IDENTIFIER=x86 Family 6 Model 42 Stepping 7, GenuineIntel



---------------  S Y S T E M  ---------------

OS: Windows 8.1 Build 9600 

CPU:total 4 (2 cores per cpu, 2 threads per core) family 6 model 42 stepping 7, cmov, cx8, fxsr, mmx, sse, sse2, sse3, ssse3, sse4.1, sse4.2, popcnt, avx, aes, ht, tsc, tscinvbit

Memory: 4k page, physical 3135340k(1162692k free), swap 5083432k(2501960k free)

vm_info: Java HotSpot(TM) Client VM (24.65-b04) for windows-x86 JRE (1.7.0_67-b01), built on Jul 25 2014 10:20:53 by "java_re" with unknown MS VC++:1600

time: Wed Jan 07 13:22:31 2015
elapsed time: 76 seconds

