#
# A fatal error has been detected by the Java Runtime Environment:
#
#  EXCEPTION_ACCESS_VIOLATION (0xc0000005) at pc=0x72bf57ae, pid=6016, tid=6012
#
# JRE version: Java(TM) SE Runtime Environment (7.0_67-b01) (build 1.7.0_67-b01)
# Java VM: Java HotSpot(TM) Client VM (24.65-b04 mixed mode, sharing windows-x86 )
# Problematic frame:
# C  [xboxcontroller.dll+0x57ae]
#
# Failed to write core dump. Minidumps are not enabled by default on client versions of Windows
#
# If you would like to submit a bug report, please visit:
#   http://bugreport.sun.com/bugreport/crash.jsp
# The crash happened outside the Java Virtual Machine in native code.
# See problematic frame for where to report the bug.
#

---------------  T H R E A D  ---------------

Current thread (0x021ab000):  JavaThread "AWT-EventQueue-0" [_thread_in_native, id=6012, stack(0x04e20000,0x04e70000)]

siginfo: ExceptionCode=0xc0000005, reading address 0x00014e81

Registers:
EAX=0x0225b930, EBX=0x00000009, ECX=0x00014b39, EDX=0x0212615c
ESP=0x04e6eff8, EBP=0x04e6f01c, ESI=0x0210b170, EDI=0x046ba458
EIP=0x72bf57ae, EFLAGS=0x00010246

Top of Stack: (sp=0x04e6eff8)
0x04e6eff8:   0225b930 0212615c 00000000 00000009
0x04e6f008:   0210b170 00000000 34237e38 00000006
0x04e6f018:   00000008 04e6f02c 72bf3add 021ab000
0x04e6f028:   34237e38 04e6f038 72bf12ed 00000009
0x04e6f038:   04e6f080 022bb145 021ab130 04e6f09c
0x04e6f048:   02109db8 00000000 00000009 04e6f058
0x04e6f058:   00000001 2431d318 04e6f058 34237e38
0x04e6f068:   04e6f09c 3423b448 00000000 34237e38 

Instructions: (pc=0x72bf57ae)
0x72bf578e:   3b d0 7f 41 3b d9 7c 02 8b d9 8b 47 04 8b 08 8b
0x72bf579e:   d6 8b 77 18 8d 14 56 52 8b 57 08 53 6a 00 52 50
0x72bf57ae:   8b 81 48 03 00 00 ff d0 01 5f 3c 8b 47 3c 3b 47
0x72bf57be:   30 75 07 c7 47 3c 00 00 00 00 29 5f 40 5e 8b c3 


Register to memory mapping:

EAX=0x0225b930 is an unknown value
EBX=0x00000009 is an unknown value
ECX=0x00014b39 is an unknown value
EDX=0x0212615c is a global jni handle
ESP=0x04e6eff8 is pointing into the stack for thread: 0x021ab000
EBP=0x04e6f01c is pointing into the stack for thread: 0x021ab000
ESI=0x0210b170 is an unknown value
EDI=0x046ba458 is an unknown value


Stack: [0x04e20000,0x04e70000],  sp=0x04e6eff8,  free space=315k
Native frames: (J=compiled Java code, j=interpreted, Vv=VM code, C=native code)
C  [xboxcontroller.dll+0x57ae]
C  [xboxcontroller.dll+0x3add]
C  [xboxcontroller.dll+0x12ed]
j  ch.aplu.jaw.NativeHandler.nativeReadBuf(JI)I+0
j  ch.aplu.jaw.NativeHandler.readBuf(I)I+33
j  ch.aplu.xboxcontroller.XboxController.readData()Lch/aplu/xboxcontroller/ControllerState;+15
j  ch.aplu.xboxcontroller.XboxController.access$000(Lch/aplu/xboxcontroller/XboxController;)Lch/aplu/xboxcontroller/ControllerState;+1
j  ch.aplu.xboxcontroller.XboxController$1.actionPerformed(Ljava/awt/event/ActionEvent;)V+4
j  javax.swing.Timer.fireActionPerformed(Ljava/awt/event/ActionEvent;)V+35
j  javax.swing.Timer$DoPostEvent.run()V+74
j  java.awt.event.InvocationEvent.dispatch()V+47
j  java.awt.EventQueue.dispatchEventImpl(Ljava/awt/AWTEvent;Ljava/lang/Object;)V+21
j  java.awt.EventQueue.access$200(Ljava/awt/EventQueue;Ljava/awt/AWTEvent;Ljava/lang/Object;)V+3
j  java.awt.EventQueue$3.run()Ljava/lang/Void;+12
j  java.awt.EventQueue$3.run()Ljava/lang/Object;+1
v  ~StubRoutines::call_stub
V  [jvm.dll+0x1410fa]
V  [jvm.dll+0x20567e]
V  [jvm.dll+0x14117d]
V  [jvm.dll+0xfb73a]
C  [java.dll+0x102f]
j  java.security.ProtectionDomain$1.doIntersectionPrivilege(Ljava/security/PrivilegedAction;Ljava/security/AccessControlContext;Ljava/security/AccessControlContext;)Ljava/lang/Object;+28
j  java.awt.EventQueue.dispatchEvent(Ljava/awt/AWTEvent;)V+46
j  java.awt.EventDispatchThread.pumpOneEventForFilters(I)V+245
j  java.awt.EventDispatchThread.pumpEventsForFilter(ILjava/awt/Conditional;Ljava/awt/EventFilter;)V+35
j  java.awt.EventDispatchThread.pumpEventsForHierarchy(ILjava/awt/Conditional;Ljava/awt/Component;)V+11
j  java.awt.EventDispatchThread.pumpEvents(ILjava/awt/Conditional;)V+4
j  java.awt.EventDispatchThread.pumpEvents(Ljava/awt/Conditional;)V+3
j  java.awt.EventDispatchThread.run()V+9
v  ~StubRoutines::call_stub
V  [jvm.dll+0x1410fa]
V  [jvm.dll+0x20567e]
V  [jvm.dll+0x1412c5]
V  [jvm.dll+0x141327]
V  [jvm.dll+0xec6ef]
V  [jvm.dll+0x16252c]
V  [jvm.dll+0x162f87]
V  [jvm.dll+0x1a7489]
C  [msvcr100.dll+0x5c556]
C  [msvcr100.dll+0x5c600]
C  [KERNEL32.DLL+0x1793]
C  [ntdll.dll+0x5c206]
C  [ntdll.dll+0x5c1df]

Java frames: (J=compiled Java code, j=interpreted, Vv=VM code)
j  ch.aplu.jaw.NativeHandler.nativeReadBuf(JI)I+0
j  ch.aplu.jaw.NativeHandler.readBuf(I)I+33
j  ch.aplu.xboxcontroller.XboxController.readData()Lch/aplu/xboxcontroller/ControllerState;+15
j  ch.aplu.xboxcontroller.XboxController.access$000(Lch/aplu/xboxcontroller/XboxController;)Lch/aplu/xboxcontroller/ControllerState;+1
j  ch.aplu.xboxcontroller.XboxController$1.actionPerformed(Ljava/awt/event/ActionEvent;)V+4
j  javax.swing.Timer.fireActionPerformed(Ljava/awt/event/ActionEvent;)V+35
j  javax.swing.Timer$DoPostEvent.run()V+74
j  java.awt.event.InvocationEvent.dispatch()V+47
j  java.awt.EventQueue.dispatchEventImpl(Ljava/awt/AWTEvent;Ljava/lang/Object;)V+21
j  java.awt.EventQueue.access$200(Ljava/awt/EventQueue;Ljava/awt/AWTEvent;Ljava/lang/Object;)V+3
j  java.awt.EventQueue$3.run()Ljava/lang/Void;+12
j  java.awt.EventQueue$3.run()Ljava/lang/Object;+1
v  ~StubRoutines::call_stub
j  java.security.AccessController.doPrivileged(Ljava/security/PrivilegedAction;Ljava/security/AccessControlContext;)Ljava/lang/Object;+0
j  java.security.ProtectionDomain$1.doIntersectionPrivilege(Ljava/security/PrivilegedAction;Ljava/security/AccessControlContext;Ljava/security/AccessControlContext;)Ljava/lang/Object;+28
j  java.awt.EventQueue.dispatchEvent(Ljava/awt/AWTEvent;)V+46
j  java.awt.EventDispatchThread.pumpOneEventForFilters(I)V+245
j  java.awt.EventDispatchThread.pumpEventsForFilter(ILjava/awt/Conditional;Ljava/awt/EventFilter;)V+35
j  java.awt.EventDispatchThread.pumpEventsForHierarchy(ILjava/awt/Conditional;Ljava/awt/Component;)V+11
j  java.awt.EventDispatchThread.pumpEvents(ILjava/awt/Conditional;)V+4
j  java.awt.EventDispatchThread.pumpEvents(Ljava/awt/Conditional;)V+3
j  java.awt.EventDispatchThread.run()V+9
v  ~StubRoutines::call_stub

---------------  P R O C E S S  ---------------

Java Threads: ( => current thread )
=>0x021ab000 JavaThread "AWT-EventQueue-0" [_thread_in_native, id=6012, stack(0x04e20000,0x04e70000)]
  0x021a9400 JavaThread "AWT-Windows" daemon [_thread_in_native, id=2628, stack(0x04dd0000,0x04e20000)]
  0x021abc00 JavaThread "AWT-Shutdown" [_thread_blocked, id=3652, stack(0x04d80000,0x04dd0000)]
  0x021aa800 JavaThread "Java2D Disposer" daemon [_thread_blocked, id=840, stack(0x04d30000,0x04d80000)]
  0x021aa400 JavaThread "DestroyJavaVM" [_thread_blocked, id=3508, stack(0x02020000,0x02070000)]
  0x021a8800 JavaThread "TimerQueue" daemon [_thread_blocked, id=5900, stack(0x04ce0000,0x04d30000)]
  0x021ab400 JavaThread "Thread-0" [_thread_in_native, id=2788, stack(0x04a50000,0x04aa0000)]
  0x02197000 JavaThread "Service Thread" daemon [_thread_blocked, id=4680, stack(0x045d0000,0x04620000)]
  0x02193000 JavaThread "C1 CompilerThread0" daemon [_thread_blocked, id=5532, stack(0x04580000,0x045d0000)]
  0x0218f400 JavaThread "Attach Listener" daemon [_thread_blocked, id=5028, stack(0x04530000,0x04580000)]
  0x0218e400 JavaThread "Signal Dispatcher" daemon [_thread_blocked, id=5816, stack(0x044e0000,0x04530000)]
  0x02120400 JavaThread "Finalizer" daemon [_thread_blocked, id=5172, stack(0x04490000,0x044e0000)]
  0x0211e800 JavaThread "Reference Handler" daemon [_thread_blocked, id=5524, stack(0x04440000,0x04490000)]

Other Threads:
  0x0211d400 VMThread [stack: 0x02200000,0x02250000] [id=4604]
  0x0219fc00 WatcherThread [stack: 0x04620000,0x04670000] [id=5544]

VM state:not at safepoint (normal execution)

VM Mutex/Monitor currently owned by a thread: None

Heap
 def new generation   total 4928K, used 1905K [0x24200000, 0x24750000, 0x29750000)
  eden space 4416K,  43% used [0x24200000, 0x243dc4f8, 0x24650000)
  from space 512K,   0% used [0x24650000, 0x24650000, 0x246d0000)
  to   space 512K,   0% used [0x246d0000, 0x246d0000, 0x24750000)
 tenured generation   total 10944K, used 0K [0x29750000, 0x2a200000, 0x34200000)
   the space 10944K,   0% used [0x29750000, 0x29750000, 0x29750200, 0x2a200000)
 compacting perm gen  total 12288K, used 457K [0x34200000, 0x34e00000, 0x38200000)
   the space 12288K,   3% used [0x34200000, 0x34272458, 0x34272600, 0x34e00000)
    ro space 10240K,  44% used [0x38200000, 0x3867a688, 0x3867a800, 0x38c00000)
    rw space 12288K,  52% used [0x38c00000, 0x39254170, 0x39254200, 0x39800000)

Card table byte_map: [0x04330000,0x043e0000] byte_map_base: 0x0420f000

Polling page: 0x02070000

Code Cache  [0x022b0000, 0x02358000, 0x042b0000)
 total_blobs=207 nmethods=38 adapters=107 free_code_cache=32100Kb largest_free_block=32871360

Compilation events (10 events):
Event: 1.146 Thread 0x02193000   34 %s          control.Mover2::homeArt @ 33 (86 bytes)
Event: 1.148 Thread 0x02193000 nmethod 34% 0x0234d1c8 code [0x0234d320, 0x0234d76c]
Event: 8.673 Thread 0x02193000   35   !         java.io.BufferedReader::readLine (304 bytes)
Event: 8.679 Thread 0x02193000 nmethod 35 0x0234e408 code [0x0234e5e0, 0x0234f564]
Event: 8.679 Thread 0x02193000   36             sun.nio.cs.UTF_8$Decoder::decodeArrayLoop (543 bytes)
Event: 8.689 Thread 0x02193000 nmethod 36 0x02350208 code [0x023506a0, 0x02351818]
Event: 8.689 Thread 0x02193000   37             java.lang.Math::min (11 bytes)
Event: 8.689 Thread 0x02193000 nmethod 37 0x02353c88 code [0x02353d80, 0x02353df0]
Event: 8.689 Thread 0x02193000   38             java.lang.StringBuilder::append (8 bytes)
Event: 8.690 Thread 0x02193000 nmethod 38 0x02353e48 code [0x02353f50, 0x0235403c]

GC Heap History (0 events):
No events

Deoptimization events (0 events):
No events

Internal exceptions (10 events):
Event: 8.653 Thread 0x0225b800 Threw 0x243523b0 at C:\re\jdk7u67\1368\hotspot\src\share\vm\prims\jvm.cpp:1244
Event: 8.654 Thread 0x0225b800 Threw 0x24354688 at C:\re\jdk7u67\1368\hotspot\src\share\vm\prims\jvm.cpp:1244
Event: 8.654 Thread 0x0225b800 Threw 0x243569b8 at C:\re\jdk7u67\1368\hotspot\src\share\vm\prims\jvm.cpp:1244
Event: 8.669 Thread 0x0225b800 Threw 0x2435d958 at C:\re\jdk7u67\1368\hotspot\src\share\vm\prims\jvm.cpp:1244
Event: 8.669 Thread 0x0225b800 Threw 0x2435eb30 at C:\re\jdk7u67\1368\hotspot\src\share\vm\prims\jvm.cpp:1244
Event: 8.685 Thread 0x0225b800 Threw 0x243708b0 at C:\re\jdk7u67\1368\hotspot\src\share\vm\prims\jvm.cpp:1244
Event: 8.685 Thread 0x0225b800 Threw 0x24370ac0 at C:\re\jdk7u67\1368\hotspot\src\share\vm\prims\jvm.cpp:1244
Event: 8.689 Thread 0x0225b800 Threw 0x24374e50 at C:\re\jdk7u67\1368\hotspot\src\share\vm\prims\jvm.cpp:1244
Event: 8.689 Thread 0x0225b800 Threw 0x24375060 at C:\re\jdk7u67\1368\hotspot\src\share\vm\prims\jvm.cpp:1244
Event: 8.694 Thread 0x0225b800 Threw 0x24377000 at C:\re\jdk7u67\1368\hotspot\src\share\vm\prims\jni.cpp:717

Events (10 events):
Event: 8.792 loading class 0x398a8998
Event: 8.792 loading class 0x398a8998 done
Event: 8.792 loading class 0x398aeab0
Event: 8.792 loading class 0x398aeab0 done
Event: 8.793 Executing VM operation: RevokeBias
Event: 8.793 Executing VM operation: RevokeBias done
Event: 8.793 loading class 0x398a8700
Event: 8.793 loading class 0x398a8700 done
Event: 8.794 Executing VM operation: RevokeBias
Event: 8.794 Executing VM operation: RevokeBias done


Dynamic libraries:
0x00c90000 - 0x00cbf000 	C:\Program Files\Java\jdk1.7.0_67\bin\java.exe
0x77a70000 - 0x77bd4000 	C:\Windows\SYSTEM32\ntdll.dll
0x75bf0000 - 0x75ce8000 	C:\Windows\system32\KERNEL32.DLL
0x75550000 - 0x75621000 	C:\Windows\system32\KERNELBASE.dll
0x744b0000 - 0x7454a000 	C:\Windows\system32\apphelp.dll
0x62680000 - 0x628d2000 	C:\Windows\AppPatch\AcGenral.DLL
0x76580000 - 0x7663e000 	C:\Windows\system32\msvcrt.dll
0x77a20000 - 0x77a5e000 	C:\Windows\SYSTEM32\sechost.dll
0x75300000 - 0x75322000 	C:\Windows\SYSTEM32\SspiCli.dll
0x76640000 - 0x76681000 	C:\Windows\system32\SHLWAPI.dll
0x74560000 - 0x74642000 	C:\Windows\SYSTEM32\UxTheme.dll
0x75aa0000 - 0x75beb000 	C:\Windows\system32\USER32.dll
0x76470000 - 0x76579000 	C:\Windows\system32\GDI32.dll
0x70530000 - 0x70550000 	C:\Windows\SYSTEM32\WINMM.dll
0x6dcb0000 - 0x6dcc2000 	C:\Windows\SYSTEM32\samcli.dll
0x76100000 - 0x7620b000 	C:\Windows\system32\ole32.dll
0x763e0000 - 0x76467000 	C:\Windows\system32\OLEAUT32.dll
0x62120000 - 0x62135000 	C:\Windows\SYSTEM32\MSACM32.dll
0x71bd0000 - 0x71bd8000 	C:\Windows\SYSTEM32\VERSION.dll
0x766f0000 - 0x77893000 	C:\Windows\system32\SHELL32.dll
0x74de0000 - 0x74df9000 	C:\Windows\SYSTEM32\USERENV.dll
0x740c0000 - 0x740d9000 	C:\Windows\SYSTEM32\dwmapi.dll
0x6ebe0000 - 0x6ed01000 	C:\Windows\SYSTEM32\urlmon.dll
0x76210000 - 0x76287000 	C:\Windows\system32\ADVAPI32.dll
0x71b70000 - 0x71bce000 	C:\Windows\SYSTEM32\WINSPOOL.DRV
0x69e60000 - 0x69e74000 	C:\Windows\SYSTEM32\MPR.dll
0x76290000 - 0x76354000 	C:\Windows\system32\RPCRT4.dll
0x75950000 - 0x75a9e000 	C:\Windows\SYSTEM32\combase.dll
0x70500000 - 0x70520000 	C:\Windows\SYSTEM32\WINMMBASE.dll
0x754d0000 - 0x754de000 	C:\Windows\SYSTEM32\profapi.dll
0x6e9c0000 - 0x6ebd5000 	C:\Windows\SYSTEM32\iertutil.dll
0x6e740000 - 0x6e904000 	C:\Windows\SYSTEM32\WININET.dll
0x75880000 - 0x758ba000 	C:\Windows\SYSTEM32\cfgmgr32.dll
0x74690000 - 0x746af000 	C:\Windows\SYSTEM32\DEVOBJ.dll
0x76360000 - 0x763d7000 	C:\Windows\system32\SHCORE.DLL
0x760d0000 - 0x760f5000 	C:\Windows\system32\IMM32.DLL
0x75fd0000 - 0x760c7000 	C:\Windows\system32\MSCTF.dll
0x73ed0000 - 0x740b5000 	C:\Windows\WinSxS\x86_microsoft.windows.common-controls_6595b64144ccf1df_6.0.9600.16384_none_a9f4965301334e09\COMCTL32.dll
0x645c0000 - 0x6467f000 	C:\Program Files\Java\jdk1.7.0_67\jre\bin\msvcr100.dll
0x56a50000 - 0x56dd8000 	C:\Program Files\Java\jdk1.7.0_67\jre\bin\client\jvm.dll
0x68fa0000 - 0x68fa8000 	C:\Windows\SYSTEM32\WSOCK32.dll
0x77a60000 - 0x77a66000 	C:\Windows\system32\PSAPI.DLL
0x75f80000 - 0x75fcd000 	C:\Windows\system32\WS2_32.dll
0x75d70000 - 0x75d77000 	C:\Windows\system32\NSI.dll
0x6cf30000 - 0x6cf3c000 	C:\Program Files\Java\jdk1.7.0_67\jre\bin\verify.dll
0x6cde0000 - 0x6ce00000 	C:\Program Files\Java\jdk1.7.0_67\jre\bin\java.dll
0x6c900000 - 0x6c913000 	C:\Program Files\Java\jdk1.7.0_67\jre\bin\zip.dll
0x10000000 - 0x1000c000 	C:\Windows\System32\javaFish50.dll
0x02260000 - 0x02266000 	C:\Windows\SYSTEM32\umFish50.dll
0x02270000 - 0x0228a000 	C:\Windows\SYSTEM32\ftMscLib.dll
0x72bf0000 - 0x72bfe000 	C:\Windows\System32\xboxcontroller.dll
0x71d00000 - 0x71d06000 	C:\Windows\SYSTEM32\XINPUT9_1_0.dll
0x6b3f0000 - 0x6b459000 	C:\Windows\SYSTEM32\MSVCP100.dll
0x71330000 - 0x7133b000 	C:\Windows\SYSTEM32\XInput1_4.dll
0x635a0000 - 0x636e3000 	C:\Program Files\Java\jdk1.7.0_67\jre\bin\awt.dll
0x744a0000 - 0x744a9000 	C:\Windows\SYSTEM32\kernel.appcore.dll
0x75390000 - 0x75399000 	C:\Windows\SYSTEM32\CRYPTBASE.dll
0x75330000 - 0x75381000 	C:\Windows\SYSTEM32\bcryptPrimitives.dll
0x62490000 - 0x625d8000 	C:\Windows\SYSTEM32\dbghelp.dll

VM Arguments:
jvm_args: -Dfile.encoding=UTF-8 
java_command: robotica.Principal
Launcher Type: SUN_STANDARD

Environment Variables:
PATH=C:\Program Files\NVIDIA Corporation\PhysX\Common;C:\ProgramData\Oracle\Java\javapath;C:\Python27\;C:\Windows\system32;C:\Windows;C:\Windows\System32\Wbem;C:\Windows\System32\WindowsPowerShell\v1.0\
USERNAME=MarioAlberto
OS=Windows_NT
PROCESSOR_IDENTIFIER=x86 Family 6 Model 42 Stepping 7, GenuineIntel



---------------  S Y S T E M  ---------------

OS: Windows 8.1 Build 9600 

CPU:total 4 (2 cores per cpu, 2 threads per core) family 6 model 42 stepping 7, cmov, cx8, fxsr, mmx, sse, sse2, sse3, ssse3, sse4.1, sse4.2, popcnt, avx, aes, ht, tsc, tscinvbit

Memory: 4k page, physical 3135340k(1768808k free), swap 3856236k(2302504k free)

vm_info: Java HotSpot(TM) Client VM (24.65-b04) for windows-x86 JRE (1.7.0_67-b01), built on Jul 25 2014 10:20:53 by "java_re" with unknown MS VC++:1600

time: Mon Dec 22 14:18:12 2014
elapsed time: 9 seconds

